length:  20
[0, 1, 2, 3]
[1, 2, 3, 4]
[2, 3, 4, 5]
0 1
1 6
2 36
       0      182.2      180.0      177.7
       1      242.2      180.0      177.7
       2      302.2      180.0      177.7
       3        2.2      180.0      177.7
       4       62.2      180.0      177.7
       5      122.2      180.0      177.7
       6      182.2      240.0      177.7
       7      182.2      300.0      177.7
       8      182.2        0.0      177.7
       9      182.2       60.0      177.7
      10      182.2      120.0      177.7
      11      242.2      240.0      177.7
      12      242.2      300.0      177.7
      13      242.2        0.0      177.7
      14      242.2       60.0      177.7
      15      242.2      120.0      177.7
      16      302.2      240.0      177.7
      17      302.2      300.0      177.7
      18      302.2        0.0      177.7
      19      302.2       60.0      177.7
      20      302.2      120.0      177.7
      21        2.2      240.0      177.7
      22        2.2      300.0      177.7
      23        2.2        0.0      177.7
      24        2.2       60.0      177.7
      25        2.2      120.0      177.7
      26       62.2      240.0      177.7
      27       62.2      300.0      177.7
      28       62.2        0.0      177.7
      29       62.2       60.0      177.7
      30       62.2      120.0      177.7
      31      122.2      240.0      177.7
      32      122.2      300.0      177.7
      33      122.2        0.0      177.7
      34      122.2       60.0      177.7
      35      122.2      120.0      177.7
      36      182.2      180.0      237.7
      37      182.2      180.0      297.7
      38      182.2      180.0      357.7
      39      182.2      180.0       57.7
      40      182.2      180.0      117.7
      41      242.2      180.0      237.7
      42      242.2      180.0      297.7
      43      242.2      180.0      357.7
      44      242.2      180.0       57.7
      45      242.2      180.0      117.7
      46      302.2      180.0      237.7
      47      302.2      180.0      297.7
      48      302.2      180.0      357.7
      49      302.2      180.0       57.7
      50      302.2      180.0      117.7
      51        2.2      180.0      237.7
      52        2.2      180.0      297.7
      53        2.2      180.0      357.7
      54        2.2      180.0       57.7
      55        2.2      180.0      117.7
      56       62.2      180.0      237.7
      57       62.2      180.0      297.7
      58       62.2      180.0      357.7
      59       62.2      180.0       57.7
      60       62.2      180.0      117.7
      61      122.2      180.0      237.7
      62      122.2      180.0      297.7
      63      122.2      180.0      357.7
      64      122.2      180.0       57.7
      65      122.2      180.0      117.7
      66      182.2      240.0      237.7
      67      182.2      240.0      297.7
      68      182.2      240.0      357.7
      69      182.2      240.0       57.7
      70      182.2      240.0      117.7
      71      182.2      300.0      237.7
      72      182.2      300.0      297.7
      73      182.2      300.0      357.7
      74      182.2      300.0       57.7
      75      182.2      300.0      117.7
      76      182.2        0.0      237.7
      77      182.2        0.0      297.7
      78      182.2        0.0      357.7
      79      182.2        0.0       57.7
      80      182.2        0.0      117.7
      81      182.2       60.0      237.7
      82      182.2       60.0      297.7
      83      182.2       60.0      357.7
      84      182.2       60.0       57.7
      85      182.2       60.0      117.7
      86      182.2      120.0      237.7
      87      182.2      120.0      297.7
      88      182.2      120.0      357.7
      89      182.2      120.0       57.7
      90      182.2      120.0      117.7
      91      242.2      240.0      237.7
      92      242.2      240.0      297.7
      93      242.2      240.0      357.7
      94      242.2      240.0       57.7
      95      242.2      240.0      117.7
      96      242.2      300.0      237.7
      97      242.2      300.0      297.7
      98      242.2      300.0      357.7
      99      242.2      300.0       57.7
     100      242.2      300.0      117.7
     101      242.2        0.0      237.7
     102      242.2        0.0      297.7
     103      242.2        0.0      357.7
     104      242.2        0.0       57.7
     105      242.2        0.0      117.7
     106      242.2       60.0      237.7
     107      242.2       60.0      297.7
     108      242.2       60.0      357.7
     109      242.2       60.0       57.7
     110      242.2       60.0      117.7
     111      242.2      120.0      237.7
     112      242.2      120.0      297.7
     113      242.2      120.0      357.7
     114      242.2      120.0       57.7
     115      242.2      120.0      117.7
     116      302.2      240.0      237.7
     117      302.2      240.0      297.7
     118      302.2      240.0      357.7
     119      302.2      240.0       57.7
     120      302.2      240.0      117.7
     121      302.2      300.0      237.7
     122      302.2      300.0      297.7
     123      302.2      300.0      357.7
     124      302.2      300.0       57.7
     125      302.2      300.0      117.7
     126      302.2        0.0      237.7
     127      302.2        0.0      297.7
     128      302.2        0.0      357.7
     129      302.2        0.0       57.7
     130      302.2        0.0      117.7
     131      302.2       60.0      237.7
     132      302.2       60.0      297.7
     133      302.2       60.0      357.7
     134      302.2       60.0       57.7
     135      302.2       60.0      117.7
     136      302.2      120.0      237.7
     137      302.2      120.0      297.7
     138      302.2      120.0      357.7
     139      302.2      120.0       57.7
     140      302.2      120.0      117.7
     141        2.2      240.0      237.7
     142        2.2      240.0      297.7
     143        2.2      240.0      357.7
     144        2.2      240.0       57.7
     145        2.2      240.0      117.7
     146        2.2      300.0      237.7
     147        2.2      300.0      297.7
     148        2.2      300.0      357.7
     149        2.2      300.0       57.7
     150        2.2      300.0      117.7
     151        2.2        0.0      237.7
     152        2.2        0.0      297.7
     153        2.2        0.0      357.7
     154        2.2        0.0       57.7
     155        2.2        0.0      117.7
     156        2.2       60.0      237.7
     157        2.2       60.0      297.7
     158        2.2       60.0      357.7
     159        2.2       60.0       57.7
     160        2.2       60.0      117.7
     161        2.2      120.0      237.7
     162        2.2      120.0      297.7
     163        2.2      120.0      357.7
     164        2.2      120.0       57.7
     165        2.2      120.0      117.7
     166       62.2      240.0      237.7
     167       62.2      240.0      297.7
     168       62.2      240.0      357.7
     169       62.2      240.0       57.7
     170       62.2      240.0      117.7
     171       62.2      300.0      237.7
     172       62.2      300.0      297.7
     173       62.2      300.0      357.7
     174       62.2      300.0       57.7
     175       62.2      300.0      117.7
     176       62.2        0.0      237.7
     177       62.2        0.0      297.7
     178       62.2        0.0      357.7
     179       62.2        0.0       57.7
     180       62.2        0.0      117.7
     181       62.2       60.0      237.7
     182       62.2       60.0      297.7
     183       62.2       60.0      357.7
     184       62.2       60.0       57.7
     185       62.2       60.0      117.7
     186       62.2      120.0      237.7
     187       62.2      120.0      297.7
     188       62.2      120.0      357.7
     189       62.2      120.0       57.7
     190       62.2      120.0      117.7
     191      122.2      240.0      237.7
     192      122.2      240.0      297.7
     193      122.2      240.0      357.7
     194      122.2      240.0       57.7
     195      122.2      240.0      117.7
     196      122.2      300.0      237.7
     197      122.2      300.0      297.7
     198      122.2      300.0      357.7
     199      122.2      300.0       57.7
     200      122.2      300.0      117.7
     201      122.2        0.0      237.7
     202      122.2        0.0      297.7
     203      122.2        0.0      357.7
     204      122.2        0.0       57.7
     205      122.2        0.0      117.7
     206      122.2       60.0      237.7
     207      122.2       60.0      297.7
     208      122.2       60.0      357.7
     209      122.2       60.0       57.7
     210      122.2       60.0      117.7
     211      122.2      120.0      237.7
     212      122.2      120.0      297.7
     213      122.2      120.0      357.7
     214      122.2      120.0       57.7
     215      122.2      120.0      117.7
nconfs:  216
[15:21:37] PLAMS working folder: /home/bulo/Ravi/Molecules/set3/n_hexane/Enumerated60_strict/Molecule000
[15:21:37] JOB go0 STARTED
[15:21:37] JOB go1 STARTED
[15:21:37] JOB go2 STARTED
[15:21:37] JOB go3 STARTED
[15:21:37] JOB go4 STARTED
[15:21:37] JOB go0 RUNNING
[15:21:37] JOB go5 STARTED
[15:21:37] JOB go1 RUNNING
[15:21:37] JOB go6 STARTED
[15:21:37] JOB go2 RUNNING
[15:21:37] JOB go3 RUNNING
[15:21:37] JOB go7 STARTED
[15:21:37] JOB go8 STARTED
[15:21:37] JOB go4 RUNNING
[15:21:37] JOB go5 RUNNING
[15:21:37] JOB go9 STARTED
[15:21:37] JOB go10 STARTED
[15:21:37] JOB go6 RUNNING
[15:21:37] JOB go7 RUNNING
[15:21:37] JOB go11 STARTED
[15:21:37] JOB go12 STARTED
[15:21:37] JOB go8 RUNNING
[15:21:37] JOB go9 RUNNING
[15:21:37] JOB go13 STARTED
[15:21:37] JOB go10 RUNNING
[15:21:37] JOB go14 STARTED
[15:21:37] JOB go11 RUNNING
[15:21:37] JOB go15 STARTED
[15:21:37] JOB go12 RUNNING
[15:21:37] JOB go16 STARTED
[15:21:37] JOB go13 RUNNING
[15:21:37] JOB go17 STARTED
[15:21:37] JOB go14 RUNNING
[15:21:37] JOB go18 STARTED
[15:21:37] JOB go15 RUNNING
[15:21:37] JOB go19 STARTED
[15:21:37] JOB go16 RUNNING
[15:21:37] JOB go20 STARTED
[15:21:37] JOB go17 RUNNING
[15:21:37] JOB go21 STARTED
[15:21:38] JOB go22 STARTED
[15:21:38] JOB go18 RUNNING
[15:21:38] JOB go23 STARTED
[15:21:38] JOB go19 RUNNING
[15:21:39] JOB go24 STARTED
[15:21:39] JOB go20 RUNNING
[15:21:39] JOB go21 RUNNING
[15:21:39] JOB go25 STARTED
[15:21:39] JOB go26 STARTED
[15:21:40] JOB go22 RUNNING
[15:21:40] JOB go27 STARTED
[15:21:40] JOB go23 RUNNING
[15:21:40] JOB go28 STARTED
[15:21:40] JOB go24 RUNNING
[15:21:40] JOB go29 STARTED
[15:21:40] JOB go25 RUNNING
[15:21:40] JOB go30 STARTED
[15:21:40] JOB go26 RUNNING
[15:21:40] JOB go31 STARTED
[15:21:40] JOB go27 RUNNING
[15:21:40] JOB go32 STARTED
[15:21:40] JOB go28 RUNNING
[15:21:41] JOB go33 STARTED
[15:21:41] JOB go29 RUNNING
[15:21:41] JOB go34 STARTED
[15:21:41] JOB go30 RUNNING
[15:21:41] JOB go35 STARTED
[15:21:41] JOB go31 RUNNING
[15:21:41] JOB go36 STARTED
[15:21:41] JOB go32 RUNNING
[15:21:41] JOB go37 STARTED
[15:21:41] JOB go33 RUNNING
[15:21:41] JOB go38 STARTED
[15:21:41] JOB go34 RUNNING
[15:21:41] JOB go39 STARTED
[15:21:41] JOB go35 RUNNING
[15:21:42] JOB go40 STARTED
[15:21:42] JOB go36 RUNNING
[15:21:42] JOB go41 STARTED
[15:21:42] JOB go37 RUNNING
[15:21:42] JOB go42 STARTED
[15:21:42] JOB go38 RUNNING
[15:21:42] JOB go43 STARTED
[15:21:42] JOB go39 RUNNING
[15:21:42] JOB go44 STARTED
[15:21:42] JOB go40 RUNNING
[15:21:42] JOB go45 STARTED
[15:21:42] JOB go41 RUNNING
[15:21:42] JOB go46 STARTED
[15:21:42] JOB go42 RUNNING
[15:21:42] JOB go47 STARTED
[15:21:42] JOB go43 RUNNING
[15:21:42] JOB go48 STARTED
[15:21:42] JOB go44 RUNNING
[15:21:42] JOB go49 STARTED
[15:21:42] JOB go45 RUNNING
[15:21:42] JOB go50 STARTED
[15:21:42] JOB go46 RUNNING
[15:21:42] JOB go51 STARTED
[15:21:42] JOB go47 RUNNING
[15:21:42] JOB go52 STARTED
[15:21:42] JOB go48 RUNNING
[15:21:42] JOB go53 STARTED
[15:21:42] JOB go49 RUNNING
[15:21:42] JOB go54 STARTED
[15:21:42] JOB go50 RUNNING
[15:21:42] JOB go55 STARTED
[15:21:42] JOB go51 RUNNING
[15:21:42] JOB go56 STARTED
[15:21:42] JOB go52 RUNNING
[15:21:42] JOB go57 STARTED
[15:21:42] JOB go53 RUNNING
[15:21:42] JOB go58 STARTED
[15:21:42] JOB go54 RUNNING
[15:21:42] JOB go59 STARTED
[15:21:42] JOB go55 RUNNING
[15:21:42] JOB go60 STARTED
[15:21:42] JOB go56 RUNNING
[15:21:42] JOB go61 STARTED
[15:21:42] JOB go57 RUNNING
[15:21:42] JOB go62 STARTED
[15:21:42] JOB go58 RUNNING
[15:21:42] JOB go63 STARTED
[15:21:42] JOB go59 RUNNING
[15:21:42] JOB go64 STARTED
[15:21:42] JOB go60 RUNNING
[15:21:42] JOB go65 STARTED
[15:21:42] JOB go61 RUNNING
[15:21:42] JOB go66 STARTED
[15:21:42] JOB go62 RUNNING
[15:21:42] JOB go67 STARTED
[15:21:42] JOB go63 RUNNING
[15:21:42] JOB go68 STARTED
[15:21:42] JOB go64 RUNNING
[15:21:42] JOB go69 STARTED
[15:21:42] JOB go65 RUNNING
[15:21:42] JOB go70 STARTED
[15:21:42] JOB go66 RUNNING
[15:21:42] JOB go71 STARTED
[15:21:42] JOB go67 RUNNING
[15:21:42] JOB go72 STARTED
[15:21:42] JOB go68 RUNNING
[15:21:42] JOB go73 STARTED
[15:21:42] JOB go69 RUNNING
[15:21:42] JOB go74 STARTED
[15:21:42] JOB go70 RUNNING
[15:21:42] JOB go75 STARTED
[15:21:42] JOB go71 RUNNING
[15:21:42] JOB go76 STARTED
[15:21:42] JOB go72 RUNNING
[15:21:42] JOB go77 STARTED
[15:21:42] JOB go73 RUNNING
[15:21:42] JOB go78 STARTED
[15:21:42] JOB go74 RUNNING
[15:21:42] JOB go79 STARTED
[15:21:42] JOB go75 RUNNING
[15:21:42] JOB go80 STARTED
[15:21:42] JOB go76 RUNNING
[15:21:42] JOB go81 STARTED
[15:21:42] JOB go77 RUNNING
[15:21:42] JOB go82 STARTED
[15:21:42] JOB go78 RUNNING
[15:21:42] JOB go83 STARTED
[15:21:42] JOB go79 RUNNING
[15:21:42] JOB go84 STARTED
[15:21:42] JOB go80 RUNNING
[15:21:42] JOB go85 STARTED
[15:21:42] JOB go81 RUNNING
[15:21:42] JOB go86 STARTED
[15:21:42] JOB go82 RUNNING
[15:21:42] JOB go87 STARTED
[15:21:42] JOB go83 RUNNING
[15:21:42] JOB go88 STARTED
[15:21:42] JOB go84 RUNNING
[15:21:42] JOB go89 STARTED
[15:21:42] JOB go85 RUNNING
[15:21:42] JOB go90 STARTED
[15:21:42] JOB go86 RUNNING
[15:21:42] JOB go91 STARTED
[15:21:42] JOB go87 RUNNING
[15:21:42] JOB go92 STARTED
[15:21:42] JOB go88 RUNNING
[15:21:42] JOB go93 STARTED
[15:21:42] JOB go89 RUNNING
[15:21:42] JOB go94 STARTED
[15:21:42] JOB go90 RUNNING
[15:21:42] JOB go91 RUNNING
[15:21:42] JOB go95 STARTED
[15:21:42] JOB go92 RUNNING
[15:21:42] JOB go96 STARTED
[15:21:42] JOB go93 RUNNING
[15:21:42] JOB go97 STARTED
[15:21:42] JOB go94 RUNNING
[15:21:42] JOB go98 STARTED
[15:21:42] JOB go95 RUNNING
[15:21:42] JOB go99 STARTED
[15:21:42] JOB go96 RUNNING
[15:21:42] JOB go100 STARTED
[15:21:42] JOB go101 STARTED
[15:21:42] JOB go97 RUNNING
[15:21:42] JOB go102 STARTED
[15:21:42] JOB go98 RUNNING
[15:21:42] JOB go103 STARTED
[15:21:42] JOB go99 RUNNING
[15:21:42] JOB go104 STARTED
[15:21:42] JOB go100 RUNNING
[15:21:42] JOB go105 STARTED
[15:21:42] JOB go101 RUNNING
[15:21:42] JOB go106 STARTED
[15:21:42] JOB go102 RUNNING
[15:21:42] JOB go107 STARTED
[15:21:42] JOB go103 RUNNING
[15:21:42] JOB go108 STARTED
[15:21:42] JOB go104 RUNNING
[15:21:42] JOB go109 STARTED
[15:21:42] JOB go105 RUNNING
[15:21:42] JOB go110 STARTED
[15:21:42] JOB go106 RUNNING
[15:21:42] JOB go111 STARTED
[15:21:42] JOB go107 RUNNING
[15:21:42] JOB go112 STARTED
[15:21:42] JOB go108 RUNNING
[15:21:42] JOB go113 STARTED
[15:21:42] JOB go109 RUNNING
[15:21:42] JOB go114 STARTED
[15:21:42] JOB go110 RUNNING
[15:21:42] JOB go115 STARTED
[15:21:42] JOB go111 RUNNING
[15:21:42] JOB go116 STARTED
[15:21:42] JOB go112 RUNNING
[15:21:42] JOB go117 STARTED
[15:21:42] JOB go113 RUNNING
[15:21:42] JOB go118 STARTED
[15:21:42] JOB go114 RUNNING
[15:21:42] JOB go119 STARTED
[15:21:42] JOB go115 RUNNING
[15:21:42] JOB go120 STARTED
[15:21:42] JOB go116 RUNNING
[15:21:42] JOB go121 STARTED
[15:21:42] JOB go117 RUNNING
[15:21:42] JOB go122 STARTED
[15:21:42] JOB go118 RUNNING
[15:21:42] JOB go123 STARTED
[15:21:42] JOB go119 RUNNING
[15:21:43] JOB go124 STARTED
[15:21:43] JOB go120 RUNNING
[15:21:43] JOB go125 STARTED
[15:21:43] JOB go121 RUNNING
[15:21:43] JOB go126 STARTED
[15:21:43] JOB go122 RUNNING
[15:21:43] JOB go127 STARTED
[15:21:43] JOB go123 RUNNING
[15:21:43] JOB go128 STARTED
[15:21:43] JOB go124 RUNNING
[15:21:43] JOB go129 STARTED
[15:21:43] JOB go125 RUNNING
[15:21:43] JOB go130 STARTED
[15:21:43] JOB go126 RUNNING
[15:21:43] JOB go131 STARTED
[15:21:43] JOB go128 RUNNING
[15:21:43] JOB go132 STARTED
[15:21:43] JOB go127 RUNNING
[15:21:43] JOB go133 STARTED
[15:21:43] JOB go129 RUNNING
[15:21:43] JOB go134 STARTED
[15:21:43] JOB go130 RUNNING
[15:21:43] JOB go135 STARTED
[15:21:43] JOB go131 RUNNING
[15:21:43] JOB go136 STARTED
[15:21:43] JOB go132 RUNNING
[15:21:43] JOB go133 RUNNING
[15:21:43] JOB go137 STARTED
[15:21:43] JOB go134 RUNNING
[15:21:43] JOB go138 STARTED
[15:21:43] JOB go135 RUNNING
[15:21:43] JOB go139 STARTED
[15:21:43] JOB go136 RUNNING
[15:21:43] JOB go140 STARTED
[15:21:43] JOB go141 STARTED
[15:21:43] JOB go137 RUNNING
[15:21:43] JOB go142 STARTED
[15:21:43] JOB go138 RUNNING
[15:21:43] JOB go143 STARTED
[15:21:43] JOB go139 RUNNING
[15:21:43] JOB go144 STARTED
[15:21:43] JOB go140 RUNNING
[15:21:43] JOB go145 STARTED
[15:21:43] JOB go142 RUNNING
[15:21:43] JOB go141 RUNNING
[15:21:43] JOB go146 STARTED
[15:21:43] JOB go143 RUNNING
[15:21:43] JOB go144 RUNNING
[15:21:43] JOB go147 STARTED
[15:21:43] JOB go148 STARTED
[15:21:43] JOB go145 RUNNING
[15:21:43] JOB go149 STARTED
[15:21:43] JOB go146 RUNNING
[15:21:43] JOB go147 RUNNING
[15:21:43] JOB go150 STARTED
[15:21:43] JOB go151 STARTED
[15:21:43] JOB go148 RUNNING
[15:21:43] JOB go149 RUNNING
[15:21:43] JOB go152 STARTED
[15:21:43] JOB go153 STARTED
[15:21:43] JOB go150 RUNNING
[15:21:43] JOB go151 RUNNING
[15:21:43] JOB go154 STARTED
[15:21:43] JOB go155 STARTED
[15:21:43] JOB go152 RUNNING
[15:21:43] JOB go153 RUNNING
[15:21:43] JOB go156 STARTED
[15:21:43] JOB go157 STARTED
[15:21:43] JOB go154 RUNNING
[15:21:43] JOB go155 RUNNING
[15:21:43] JOB go158 STARTED
[15:21:43] JOB go159 STARTED
[15:21:43] JOB go156 RUNNING
[15:21:43] JOB go157 RUNNING
[15:21:43] JOB go160 STARTED
[15:21:43] JOB go161 STARTED
[15:21:43] JOB go158 RUNNING
[15:21:43] JOB go162 STARTED
[15:21:43] JOB go159 RUNNING
[15:21:43] JOB go163 STARTED
[15:21:43] JOB go164 STARTED
[15:21:43] JOB go160 RUNNING
[15:21:43] JOB go165 STARTED
[15:21:43] JOB go161 RUNNING
[15:21:43] JOB go166 STARTED
[15:21:43] JOB go162 RUNNING
[15:21:43] JOB go167 STARTED
[15:21:43] JOB go163 RUNNING
[15:21:43] JOB go168 STARTED
[15:21:43] JOB go164 RUNNING
[15:21:43] JOB go165 RUNNING
[15:21:43] JOB go169 STARTED
[15:21:43] JOB go170 STARTED
[15:21:43] JOB go166 RUNNING
[15:21:43] JOB go171 STARTED
[15:21:43] JOB go167 RUNNING
[15:21:43] JOB go168 RUNNING
[15:21:43] JOB go172 STARTED
[15:21:43] JOB go169 RUNNING
[15:21:43] JOB go173 STARTED
[15:21:43] JOB go171 RUNNING
[15:21:43] JOB go174 STARTED
[15:21:43] JOB go170 RUNNING
[15:21:43] JOB go175 STARTED
[15:21:43] JOB go172 RUNNING
[15:21:43] JOB go176 STARTED
[15:21:43] JOB go177 STARTED
[15:21:43] JOB go173 RUNNING
[15:21:43] JOB go178 STARTED
[15:21:43] JOB go174 RUNNING
[15:21:43] JOB go179 STARTED
[15:21:43] JOB go175 RUNNING
[15:21:43] JOB go180 STARTED
[15:21:43] JOB go176 RUNNING
[15:21:43] JOB go177 RUNNING
[15:21:43] JOB go181 STARTED
[15:21:43] JOB go178 RUNNING
[15:21:43] JOB go182 STARTED
[15:21:43] JOB go179 RUNNING
[15:21:43] JOB go183 STARTED
[15:21:43] JOB go180 RUNNING
[15:21:43] JOB go184 STARTED
[15:21:43] JOB go181 RUNNING
[15:21:43] JOB go185 STARTED
[15:21:43] JOB go182 RUNNING
[15:21:43] JOB go183 RUNNING
[15:21:43] JOB go186 STARTED
[15:21:43] JOB go187 STARTED
[15:21:43] JOB go184 RUNNING
[15:21:43] JOB go188 STARTED
[15:21:43] JOB go185 RUNNING
[15:21:43] JOB go189 STARTED
[15:21:43] JOB go186 RUNNING
[15:21:43] JOB go187 RUNNING
[15:21:43] JOB go188 RUNNING
[15:21:43] JOB go190 STARTED
[15:21:43] JOB go189 RUNNING
[15:21:43] JOB go191 STARTED
[15:21:43] JOB go190 RUNNING
[15:21:43] JOB go192 STARTED
[15:21:43] JOB go191 RUNNING
[15:21:43] JOB go193 STARTED
[15:21:43] JOB go192 RUNNING
[15:21:43] JOB go194 STARTED
[15:21:43] JOB go193 RUNNING
[15:21:43] JOB go195 STARTED
[15:21:44] JOB go194 RUNNING
[15:21:44] JOB go196 STARTED
[15:21:44] JOB go197 STARTED
[15:21:44] JOB go198 STARTED
[15:21:44] JOB go195 RUNNING
[15:21:44] JOB go196 RUNNING
[15:21:44] JOB go199 STARTED
[15:21:44] JOB go197 RUNNING
[15:21:44] JOB go198 RUNNING
[15:21:44] JOB go200 STARTED
[15:21:44] JOB go199 RUNNING
[15:21:44] JOB go201 STARTED
[15:21:44] JOB go200 RUNNING
[15:21:44] JOB go202 STARTED
[15:21:44] JOB go201 RUNNING
[15:21:44] JOB go203 STARTED
[15:21:44] JOB go202 RUNNING
[15:21:44] JOB go204 STARTED
[15:21:44] JOB go203 RUNNING
[15:21:44] JOB go205 STARTED
[15:21:44] JOB go204 RUNNING
[15:21:44] JOB go206 STARTED
[15:21:44] JOB go205 RUNNING
[15:21:44] JOB go207 STARTED
[15:21:44] JOB go206 RUNNING
[15:21:44] JOB go208 STARTED
[15:21:44] JOB go207 RUNNING
[15:21:44] JOB go209 STARTED
[15:21:44] JOB go208 RUNNING
[15:21:44] JOB go210 STARTED
[15:21:44] JOB go209 RUNNING
[15:21:44] JOB go211 STARTED
[15:21:44] JOB go210 RUNNING
[15:21:44] JOB go212 STARTED
[15:21:44] JOB go211 RUNNING
[15:21:44] JOB go213 STARTED
[15:21:44] JOB go212 RUNNING
[15:21:44] JOB go214 STARTED
[15:21:44] JOB go213 RUNNING
[15:21:44] JOB go215 STARTED
[15:21:44] JOB go214 RUNNING
[15:21:44] Waiting for job go0 to finish
[15:21:44] JOB go215 RUNNING
[15:21:47] JOB go3 FINISHED
[15:21:47] JOB go3 SUCCESSFUL
[15:21:52] JOB go1 FINISHED
[15:21:52] JOB go1 SUCCESSFUL
[15:21:58] JOB go8 FINISHED
[15:21:58] JOB go8 SUCCESSFUL
[15:22:01] JOB go0 FINISHED
[15:22:01] JOB go0 SUCCESSFUL
[15:22:01] Waiting for job go2 to finish
[15:22:07] JOB go11 FINISHED
[15:22:07] JOB go11 SUCCESSFUL
[15:22:12] JOB go5 FINISHED
[15:22:12] JOB go5 SUCCESSFUL
[15:22:18] JOB go13 FINISHED
[15:22:18] JOB go13 SUCCESSFUL
[15:22:22] JOB go9 FINISHED
[15:22:22] JOB go9 SUCCESSFUL
[15:22:26] JOB go2 FINISHED
[15:22:26] JOB go2 SUCCESSFUL
[15:22:26] Waiting for job go4 to finish
[15:22:31] JOB go10 FINISHED
[15:22:31] JOB go10 SUCCESSFUL
[15:22:35] JOB go4 FINISHED
[15:22:35] JOB go4 SUCCESSFUL
[15:22:35] Waiting for job go6 to finish
[15:22:41] JOB go12 FINISHED
[15:22:41] JOB go12 SUCCESSFUL
[15:22:47] JOB go19 FINISHED
[15:22:47] JOB go19 SUCCESSFUL
[15:22:52] JOB go14 FINISHED
[15:22:52] JOB go14 SUCCESSFUL
[15:22:57] JOB go21 FINISHED
[15:22:57] JOB go21 SUCCESSFUL
[15:23:02] JOB go15 FINISHED
[15:23:02] JOB go15 SUCCESSFUL
[15:23:12] JOB go23 FINISHED
[15:23:13] JOB go23 SUCCESSFUL
[15:23:18] JOB go24 FINISHED
[15:23:19] JOB go24 SUCCESSFUL
[15:23:25] JOB go18 FINISHED
[15:23:25] JOB go18 SUCCESSFUL
[15:23:29] JOB go26 FINISHED
[15:23:29] JOB go26 SUCCESSFUL
[15:23:34] JOB go20 FINISHED
[15:23:34] JOB go20 SUCCESSFUL
[15:23:40] JOB go28 FINISHED
[15:23:40] JOB go28 SUCCESSFUL
[15:23:46] JOB go22 FINISHED
[15:23:47] JOB go22 SUCCESSFUL
[15:23:52] JOB go16 FINISHED
[15:23:52] JOB go16 SUCCESSFUL
[15:23:57] JOB go31 FINISHED
[15:23:57] JOB go31 SUCCESSFUL
[15:24:02] JOB go25 FINISHED
[15:24:02] JOB go25 SUCCESSFUL
[15:24:08] JOB go33 FINISHED
[15:24:08] JOB go33 SUCCESSFUL
[15:24:14] JOB go27 FINISHED
[15:24:14] JOB go27 SUCCESSFUL
[15:24:20] JOB go35 FINISHED
[15:24:20] JOB go35 SUCCESSFUL
[15:24:24] JOB go36 FINISHED
[15:24:24] JOB go36 SUCCESSFUL
[15:24:29] JOB go30 FINISHED
[15:24:29] JOB go30 SUCCESSFUL
[15:24:34] JOB go38 FINISHED
[15:24:34] JOB go38 SUCCESSFUL
[15:24:38] JOB go39 FINISHED
[15:24:38] JOB go39 SUCCESSFUL
[15:24:44] JOB go6 FINISHED
[15:24:44] JOB go6 SUCCESSFUL
[15:24:44] Waiting for job go7 to finish
[15:24:50] JOB go34 FINISHED
[15:24:50] JOB go34 SUCCESSFUL
[15:24:54] JOB go7 FINISHED
[15:24:54] JOB go7 SUCCESSFUL
[15:24:54] Waiting for job go17 to finish
[15:25:01] JOB go43 FINISHED
[15:25:01] JOB go43 SUCCESSFUL
[15:25:05] JOB go37 FINISHED
[15:25:05] JOB go37 SUCCESSFUL
[15:25:09] JOB go17 FINISHED
[15:25:09] JOB go17 SUCCESSFUL
[15:25:10] Waiting for job go29 to finish
[15:25:15] JOB go46 FINISHED
[15:25:15] JOB go46 SUCCESSFUL
[15:25:20] JOB go40 FINISHED
[15:25:20] JOB go40 SUCCESSFUL
[15:25:25] JOB go48 FINISHED
[15:25:25] JOB go48 SUCCESSFUL
[15:25:30] JOB go42 FINISHED
[15:25:30] JOB go42 SUCCESSFUL
[15:25:35] JOB go29 FINISHED
[15:25:35] JOB go29 SUCCESSFUL
[15:25:35] Waiting for job go32 to finish
[15:25:40] JOB go44 FINISHED
[15:25:40] JOB go44 SUCCESSFUL
[15:25:44] JOB go52 FINISHED
[15:25:44] JOB go52 SUCCESSFUL
[15:25:49] JOB go32 FINISHED
[15:25:49] JOB go32 SUCCESSFUL
[15:25:49] Waiting for job go41 to finish
[15:25:54] JOB go54 FINISHED
[15:25:54] JOB go54 SUCCESSFUL
[15:26:00] JOB go41 FINISHED
[15:26:00] JOB go41 SUCCESSFUL
[15:26:00] Waiting for job go45 to finish
[15:26:04] JOB go49 FINISHED
[15:26:04] JOB go49 SUCCESSFUL
[15:26:09] JOB go50 FINISHED
[15:26:09] JOB go50 SUCCESSFUL
[15:26:14] JOB go51 FINISHED
[15:26:14] JOB go51 SUCCESSFUL
[15:26:19] JOB go45 FINISHED
[15:26:19] JOB go45 SUCCESSFUL
[15:26:19] Waiting for job go47 to finish
[15:26:24] JOB go53 FINISHED
[15:26:24] JOB go53 SUCCESSFUL
[15:26:29] JOB go61 FINISHED
[15:26:29] JOB go61 SUCCESSFUL
[15:26:34] JOB go62 FINISHED
[15:26:34] JOB go62 SUCCESSFUL
[15:26:39] JOB go63 FINISHED
[15:26:39] JOB go63 SUCCESSFUL
[15:26:43] JOB go57 FINISHED
[15:26:43] JOB go57 SUCCESSFUL
[15:26:49] JOB go65 FINISHED
[15:26:49] JOB go65 SUCCESSFUL
[15:26:53] JOB go59 FINISHED
[15:26:53] JOB go59 SUCCESSFUL
[15:26:58] JOB go60 FINISHED
[15:26:58] JOB go60 SUCCESSFUL
[15:27:02] JOB go47 FINISHED
[15:27:02] JOB go47 SUCCESSFUL
[15:27:02] Waiting for job go55 to finish
[15:27:07] JOB go55 FINISHED
[15:27:07] JOB go55 SUCCESSFUL
[15:27:07] Waiting for job go56 to finish
[15:27:12] JOB go70 FINISHED
[15:27:12] JOB go70 SUCCESSFUL
[15:27:18] JOB go71 FINISHED
[15:27:18] JOB go71 SUCCESSFUL
[15:27:22] JOB go72 FINISHED
[15:27:22] JOB go72 SUCCESSFUL
[15:27:28] JOB go66 FINISHED
[15:27:28] JOB go66 SUCCESSFUL
[15:27:33] JOB go67 FINISHED
[15:27:33] JOB go67 SUCCESSFUL
[15:27:38] JOB go68 FINISHED
[15:27:38] JOB go68 SUCCESSFUL
[15:27:44] JOB go76 FINISHED
[15:27:44] JOB go76 SUCCESSFUL
[15:27:49] JOB go56 FINISHED
[15:27:49] JOB go56 SUCCESSFUL
[15:27:49] Waiting for job go58 to finish
[15:27:55] JOB go64 FINISHED
[15:27:55] JOB go64 SUCCESSFUL
[15:28:01] JOB go79 FINISHED
[15:28:01] JOB go79 SUCCESSFUL
[15:28:06] JOB go80 FINISHED
[15:28:06] JOB go80 SUCCESSFUL
[15:28:12] JOB go74 FINISHED
[15:28:12] JOB go74 SUCCESSFUL
[15:28:17] JOB go75 FINISHED
[15:28:17] JOB go75 SUCCESSFUL
[15:28:23] JOB go83 FINISHED
[15:28:23] JOB go83 SUCCESSFUL
[15:28:30] JOB go77 FINISHED
[15:28:30] JOB go77 SUCCESSFUL
[15:28:39] JOB go78 FINISHED
[15:28:39] JOB go78 SUCCESSFUL
[15:28:46] JOB go58 FINISHED
[15:28:46] JOB go58 SUCCESSFUL
[15:28:46] Waiting for job go69 to finish
[15:28:52] JOB go73 FINISHED
[15:28:52] JOB go73 SUCCESSFUL
[15:28:57] JOB go81 FINISHED
[15:28:57] JOB go81 SUCCESSFUL
[15:29:02] JOB go89 FINISHED
[15:29:02] JOB go89 SUCCESSFUL
[15:29:07] JOB go69 FINISHED
[15:29:07] JOB go69 SUCCESSFUL
[15:29:07] Waiting for job go82 to finish
[15:29:12] JOB go91 FINISHED
[15:29:12] JOB go91 SUCCESSFUL
[15:29:18] JOB go92 FINISHED
[15:29:18] JOB go92 SUCCESSFUL
[15:29:24] JOB go93 FINISHED
[15:29:24] JOB go93 SUCCESSFUL
[15:29:28] JOB go94 FINISHED
[15:29:28] JOB go94 SUCCESSFUL
[15:29:34] JOB go95 FINISHED
[15:29:34] JOB go95 SUCCESSFUL
[15:29:39] JOB go96 FINISHED
[15:29:39] JOB go96 SUCCESSFUL
[15:29:44] JOB go90 FINISHED
[15:29:44] JOB go90 SUCCESSFUL
[15:29:50] JOB go98 FINISHED
[15:29:50] JOB go98 SUCCESSFUL
[15:29:55] JOB go85 FINISHED
[15:29:55] JOB go85 SUCCESSFUL
[15:30:02] JOB go100 FINISHED
[15:30:02] JOB go100 SUCCESSFUL
[15:30:08] JOB go101 FINISHED
[15:30:08] JOB go101 SUCCESSFUL
[15:30:13] JOB go102 FINISHED
[15:30:13] JOB go102 SUCCESSFUL
[15:30:20] JOB go82 FINISHED
[15:30:20] JOB go82 SUCCESSFUL
[15:30:20] Waiting for job go84 to finish
[15:30:31] JOB go104 FINISHED
[15:30:31] JOB go104 SUCCESSFUL
[15:30:35] JOB go84 FINISHED
[15:30:35] JOB go84 SUCCESSFUL
[15:30:35] Waiting for job go86 to finish
[15:30:41] JOB go106 FINISHED
[15:30:41] JOB go106 SUCCESSFUL
[15:30:46] JOB go86 FINISHED
[15:30:46] JOB go86 SUCCESSFUL
[15:30:46] Waiting for job go87 to finish
[15:30:52] JOB go108 FINISHED
[15:30:52] JOB go108 SUCCESSFUL
[15:30:57] JOB go109 FINISHED
[15:30:57] JOB go109 SUCCESSFUL
[15:31:03] JOB go110 FINISHED
[15:31:03] JOB go110 SUCCESSFUL
[15:31:08] JOB go111 FINISHED
[15:31:08] JOB go111 SUCCESSFUL
[15:31:14] JOB go105 FINISHED
[15:31:14] JOB go105 SUCCESSFUL
[15:31:19] JOB go99 FINISHED
[15:31:19] JOB go99 SUCCESSFUL
[15:31:24] JOB go114 FINISHED
[15:31:25] JOB go114 SUCCESSFUL
[15:31:29] JOB go115 FINISHED
[15:31:29] JOB go115 SUCCESSFUL
[15:31:34] JOB go88 FINISHED
[15:31:34] JOB go88 SUCCESSFUL
[15:31:43] JOB go103 FINISHED
[15:31:43] JOB go103 SUCCESSFUL
[15:31:48] JOB go97 FINISHED
[15:31:48] JOB go97 SUCCESSFUL
[15:31:53] JOB go119 FINISHED
[15:31:53] JOB go119 SUCCESSFUL
[15:31:59] JOB go113 FINISHED
[15:31:59] JOB go113 SUCCESSFUL
[15:32:04] JOB go121 FINISHED
[15:32:04] JOB go121 SUCCESSFUL
[15:32:09] JOB go87 FINISHED
[15:32:09] JOB go87 SUCCESSFUL
[15:32:09] Waiting for job go107 to finish
[15:32:15] JOB go123 FINISHED
[15:32:15] JOB go123 SUCCESSFUL
[15:32:19] JOB go117 FINISHED
[15:32:19] JOB go117 SUCCESSFUL
[15:32:25] JOB go118 FINISHED
[15:32:25] JOB go118 SUCCESSFUL
[15:32:32] JOB go112 FINISHED
[15:32:32] JOB go112 SUCCESSFUL
[15:32:37] JOB go120 FINISHED
[15:32:37] JOB go120 SUCCESSFUL
[15:32:42] JOB go107 FINISHED
[15:32:42] JOB go107 SUCCESSFUL
[15:32:43] Waiting for job go116 to finish
[15:32:51] JOB go129 FINISHED
[15:32:51] JOB go129 SUCCESSFUL
[15:32:56] JOB go116 FINISHED
[15:32:56] JOB go116 SUCCESSFUL
[15:32:56] Waiting for job go122 to finish
[15:33:01] JOB go131 FINISHED
[15:33:01] JOB go131 SUCCESSFUL
[15:33:06] JOB go125 FINISHED
[15:33:06] JOB go125 SUCCESSFUL
[15:33:12] JOB go126 FINISHED
[15:33:12] JOB go126 SUCCESSFUL
[15:33:17] JOB go134 FINISHED
[15:33:18] JOB go134 SUCCESSFUL
[15:33:24] JOB go127 FINISHED
[15:33:24] JOB go127 SUCCESSFUL
[15:33:30] JOB go136 FINISHED
[15:33:30] JOB go136 SUCCESSFUL
[15:33:34] JOB go137 FINISHED
[15:33:34] JOB go137 SUCCESSFUL
[15:33:44] JOB go133 FINISHED
[15:33:44] JOB go133 SUCCESSFUL
[15:33:52] JOB go132 FINISHED
[15:33:52] JOB go132 SUCCESSFUL
[15:33:57] JOB go140 FINISHED
[15:33:57] JOB go140 SUCCESSFUL
[15:34:10] JOB go128 FINISHED
[15:34:10] JOB go128 SUCCESSFUL
[15:34:16] JOB go141 FINISHED
[15:34:16] JOB go141 SUCCESSFUL
[15:34:22] JOB go143 FINISHED
[15:34:22] JOB go143 SUCCESSFUL
[15:34:27] JOB go139 FINISHED
[15:34:27] JOB go139 SUCCESSFUL
[15:34:32] JOB go124 FINISHED
[15:34:32] JOB go124 SUCCESSFUL
[15:34:38] JOB go146 FINISHED
[15:34:38] JOB go146 SUCCESSFUL
[15:34:43] JOB go135 FINISHED
[15:34:43] JOB go135 SUCCESSFUL
[15:34:50] JOB go150 FINISHED
[15:34:50] JOB go150 SUCCESSFUL
[15:35:04] JOB go149 FINISHED
[15:35:04] JOB go149 SUCCESSFUL
[15:35:09] JOB go122 FINISHED
[15:35:09] JOB go122 SUCCESSFUL
[15:35:09] Waiting for job go130 to finish
[15:35:17] JOB go151 FINISHED
[15:35:17] JOB go151 SUCCESSFUL
[15:35:23] JOB go145 FINISHED
[15:35:23] JOB go145 SUCCESSFUL
[15:35:29] JOB go130 FINISHED
[15:35:29] JOB go130 SUCCESSFUL
[15:35:29] Waiting for job go138 to finish
[15:35:36] JOB go148 FINISHED
[15:35:36] JOB go148 SUCCESSFUL
[15:35:43] JOB go144 FINISHED
[15:35:43] JOB go144 SUCCESSFUL
[15:35:49] JOB go138 FINISHED
[15:35:49] JOB go138 SUCCESSFUL
[15:35:49] Waiting for job go142 to finish
[15:36:04] JOB go152 FINISHED
[15:36:04] JOB go152 SUCCESSFUL
[15:36:15] JOB go142 FINISHED
[15:36:15] JOB go142 SUCCESSFUL
[15:36:15] Waiting for job go147 to finish
[15:36:34] JOB go154 FINISHED
[15:36:34] JOB go154 SUCCESSFUL
[15:36:57] JOB go153 FINISHED
[15:36:57] Job go153 reported errors. Please check the the output
[15:36:57] JOB go153 FAILED
[15:37:03] JOB go161 FINISHED
[15:37:03] JOB go161 SUCCESSFUL
[15:37:08] JOB go162 FINISHED
[15:37:08] JOB go162 SUCCESSFUL
[15:37:13] JOB go156 FINISHED
[15:37:13] JOB go156 SUCCESSFUL
[15:37:19] JOB go166 FINISHED
[15:37:19] JOB go166 SUCCESSFUL
[15:37:24] JOB go165 FINISHED
[15:37:24] JOB go165 SUCCESSFUL
[15:37:30] JOB go159 FINISHED
[15:37:30] JOB go159 SUCCESSFUL
[15:37:36] JOB go160 FINISHED
[15:37:36] JOB go160 SUCCESSFUL
[15:37:42] JOB go147 FINISHED
[15:37:42] JOB go147 SUCCESSFUL
[15:37:42] WARNING: Trying to obtain results of crashed or failed job go153
[15:37:42] WARNING: Trying to obtain results of crashed or failed job go153
[15:37:42] WARNING: Trying to obtain results of crashed or failed job go153
[15:37:42] Obtaining results of go153 successful. However, no guarantee that they make sense
[15:37:42] Obtaining results of go153 successful. However, no guarantee that they make sense
[15:37:42] Obtaining results of go153 successful. However, no guarantee that they make sense
[15:37:42] WARNING: Trying to obtain results of crashed or failed job go153
[15:37:42] WARNING: Trying to obtain results of crashed or failed job go153
[15:37:42] WARNING: Trying to obtain results of crashed or failed job go153
[15:37:42] WARNING: Trying to obtain results of crashed or failed job go153
[15:37:42] Obtaining results of go153 successful. However, no guarantee that they make sense
[15:37:42] Obtaining results of go153 successful. However, no guarantee that they make sense
[15:37:43] Obtaining results of go153 successful. However, no guarantee that they make sense
[15:37:43] Obtaining results of go153 successful. However, no guarantee that they make sense
[15:37:43] Waiting for job go155 to finish
[15:37:47] JOB go169 FINISHED
[15:37:47] JOB go169 SUCCESSFUL
[15:37:54] JOB go171 FINISHED
[15:37:55] JOB go171 SUCCESSFUL
[15:38:03] JOB go157 FINISHED
[15:38:03] JOB go157 SUCCESSFUL
[15:38:09] JOB go172 FINISHED
[15:38:09] JOB go172 SUCCESSFUL
[15:38:16] JOB go164 FINISHED
[15:38:16] JOB go164 SUCCESSFUL
[15:38:21] JOB go167 FINISHED
[15:38:21] JOB go167 SUCCESSFUL
[15:38:26] JOB go168 FINISHED
[15:38:26] JOB go168 SUCCESSFUL
[15:38:32] JOB go176 FINISHED
[15:38:32] JOB go176 SUCCESSFUL
[15:38:41] JOB go177 FINISHED
[15:38:42] JOB go177 SUCCESSFUL
[15:38:47] JOB go170 FINISHED
[15:38:47] JOB go170 SUCCESSFUL
[15:38:54] JOB go179 FINISHED
[15:38:54] JOB go179 SUCCESSFUL
[15:39:02] JOB go173 FINISHED
[15:39:02] JOB go173 SUCCESSFUL
[15:39:07] JOB go181 FINISHED
[15:39:07] JOB go181 SUCCESSFUL
[15:39:13] JOB go182 FINISHED
[15:39:13] JOB go182 SUCCESSFUL
[15:39:19] JOB go183 FINISHED
[15:39:19] JOB go183 SUCCESSFUL
[15:39:25] JOB go163 FINISHED
[15:39:25] JOB go163 SUCCESSFUL
[15:39:37] JOB go178 FINISHED
[15:39:37] JOB go178 SUCCESSFUL
[15:39:44] JOB go158 FINISHED
[15:39:44] JOB go158 SUCCESSFUL
[15:39:49] JOB go187 FINISHED
[15:39:49] JOB go187 SUCCESSFUL
[15:39:57] JOB go174 FINISHED
[15:39:57] JOB go174 SUCCESSFUL
[15:40:02] JOB go189 FINISHED
[15:40:02] JOB go189 SUCCESSFUL
[15:40:10] JOB go155 FINISHED
[15:40:10] JOB go155 SUCCESSFUL
[15:40:10] Waiting for job go175 to finish
[15:40:15] JOB go191 FINISHED
[15:40:15] JOB go191 SUCCESSFUL
[15:40:21] JOB go185 FINISHED
[15:40:21] JOB go185 SUCCESSFUL
[15:40:27] JOB go186 FINISHED
[15:40:27] JOB go186 SUCCESSFUL
[15:40:32] JOB go194 FINISHED
[15:40:32] JOB go194 SUCCESSFUL
[15:40:38] JOB go195 FINISHED
[15:40:38] JOB go195 SUCCESSFUL
[15:40:43] JOB go175 FINISHED
[15:40:43] JOB go175 SUCCESSFUL
[15:40:43] Waiting for job go180 to finish
[15:40:49] JOB go190 FINISHED
[15:40:49] JOB go190 SUCCESSFUL
[15:40:54] JOB go184 FINISHED
[15:40:54] JOB go184 SUCCESSFUL
[15:40:59] JOB go199 FINISHED
[15:40:59] JOB go199 SUCCESSFUL
[15:41:04] JOB go200 FINISHED
[15:41:04] JOB go200 SUCCESSFUL
[15:41:10] JOB go180 FINISHED
[15:41:10] JOB go180 SUCCESSFUL
[15:41:10] Waiting for job go188 to finish
[15:41:16] JOB go202 FINISHED
[15:41:16] JOB go202 SUCCESSFUL
[15:41:21] JOB go196 FINISHED
[15:41:21] JOB go196 SUCCESSFUL
[15:41:26] JOB go197 FINISHED
[15:41:26] JOB go197 SUCCESSFUL
[15:41:32] JOB go205 FINISHED
[15:41:32] JOB go205 SUCCESSFUL
[15:41:38] JOB go192 FINISHED
[15:41:38] JOB go192 SUCCESSFUL
[15:41:43] JOB go207 FINISHED
[15:41:43] JOB go207 SUCCESSFUL
[15:41:49] JOB go201 FINISHED
[15:41:49] JOB go201 SUCCESSFUL
[15:41:54] JOB go209 FINISHED
[15:41:54] JOB go209 SUCCESSFUL
[15:42:04] JOB go203 FINISHED
[15:42:04] JOB go203 SUCCESSFUL
[15:42:10] JOB go213 FINISHED
[15:42:10] JOB go213 SUCCESSFUL
[15:42:16] JOB go193 FINISHED
[15:42:16] JOB go193 SUCCESSFUL
[15:42:21] JOB go210 FINISHED
[15:42:21] JOB go210 SUCCESSFUL
[15:42:27] JOB go208 FINISHED
[15:42:27] JOB go208 SUCCESSFUL
[15:42:33] JOB go204 FINISHED
[15:42:33] JOB go204 SUCCESSFUL
[15:42:39] JOB go198 FINISHED
[15:42:39] JOB go198 SUCCESSFUL
[15:42:45] JOB go215 FINISHED
[15:42:45] JOB go215 SUCCESSFUL
[15:42:51] JOB go214 FINISHED
[15:42:51] JOB go214 SUCCESSFUL
[15:42:56] JOB go211 FINISHED
[15:42:56] JOB go211 SUCCESSFUL
[15:43:02] JOB go212 FINISHED
[15:43:02] JOB go212 SUCCESSFUL
[15:43:07] JOB go206 FINISHED
[15:43:07] JOB go206 SUCCESSFUL
[15:43:13] JOB go188 FINISHED
[15:43:13] JOB go188 SUCCESSFUL
[15:43:14] PLAMS run finished. Goodbye
duplicate:        2        1
duplicate:        4        2
duplicate:        5        0
duplicate:        7        3
duplicate:        9        4
duplicate:       10        4
duplicate:       12        3
duplicate:       14        6
duplicate:       16        1
duplicate:       17        5
duplicate:       18        5
duplicate:       19        6
duplicate:       20        6
duplicate:       22        5
duplicate:       25        6
duplicate:       26        7
duplicate:       27        9
duplicate:       28        3
duplicate:       29        6
duplicate:       30        2
duplicate:       31        3
duplicate:       32        9
duplicate:       33        4
duplicate:       34        4
duplicate:       35        4
duplicate:       36        0
duplicate:       37        1
duplicate:       38        1
duplicate:       39        2
duplicate:       40        2
duplicate:       41        1
duplicate:       43        5
duplicate:       45        8
duplicate:       46        1
duplicate:       47        5
duplicate:       48        5
duplicate:       50        8
duplicate:       51        2
duplicate:       52        8
duplicate:       53        8
duplicate:       55        6
duplicate:       56        2
duplicate:       57        9
duplicate:       58        1
duplicate:       59        6
duplicate:       60        6
duplicate:       61        0
duplicate:       62        1
duplicate:       63        1
duplicate:       64        2
duplicate:       65        2
duplicate:       66        3
duplicate:       67        1
duplicate:       68        7
duplicate:       69       11
duplicate:       70       11
duplicate:       71        3
duplicate:       72        7
duplicate:       73        7
duplicate:       74       11
duplicate:       75       13
duplicate:       76        3
duplicate:       77        4
duplicate:       78       14
duplicate:       79        8
duplicate:       80       13
duplicate:       81       14
duplicate:       82       14
duplicate:       83        8
duplicate:       84        8
duplicate:       85        4
duplicate:       86        4
duplicate:       87       12
duplicate:       88       12
duplicate:       89        2
duplicate:       90        8
duplicate:       91        7
duplicate:       92        5
duplicate:       95       16
duplicate:       96        7
duplicate:       97        7
duplicate:       98       11
duplicate:       99       12
duplicate:      100        7
duplicate:      102       11
duplicate:      103       13
duplicate:      106        4
duplicate:      107       13
duplicate:      108        8
duplicate:      109       17
duplicate:      110        8
duplicate:      111       13
duplicate:      112        5
duplicate:      113        5
duplicate:      114        9
duplicate:      116        1
duplicate:      117        5
duplicate:      118        5
duplicate:      119       16
duplicate:      120        9
duplicate:      121        7
duplicate:      122       11
duplicate:      123       11
duplicate:      124       19
duplicate:      125       19
duplicate:      126        7
duplicate:      127       11
duplicate:      128       13
duplicate:      129        7
duplicate:      130       19
duplicate:      131       13
duplicate:      132       20
duplicate:      133        5
duplicate:      134       18
duplicate:      135       13
duplicate:      136       13
duplicate:      137        5
duplicate:      138        5
duplicate:      139       17
duplicate:      140       17
duplicate:      141       14
duplicate:      142        2
duplicate:      143       16
duplicate:      144        6
duplicate:      145        6
duplicate:      146        7
duplicate:      147       11
duplicate:      148       16
duplicate:      149        6
duplicate:      150        7
duplicate:      151       16
duplicate:      152       19
Warning: The new molecule is not the same as the first molecule
duplicate:      154        2
duplicate:      155       12
duplicate:      156        8
duplicate:      157       17
duplicate:      158       17
duplicate:      160       11
duplicate:      161        8
duplicate:      162       19
duplicate:      163       18
duplicate:      164        6
duplicate:      165       11
duplicate:      166       13
duplicate:      167       17
duplicate:      168       20
duplicate:      169        6
duplicate:      170        6
duplicate:      171       13
duplicate:      172       20
duplicate:      173       17
duplicate:      174       13
duplicate:      175       13
duplicate:      176        8
duplicate:      177        7
duplicate:      178       19
duplicate:      179       11
duplicate:      180       11
duplicate:      181       19
duplicate:      182       19
duplicate:      183       11
duplicate:      184       11
duplicate:      185        8
duplicate:      186        2
duplicate:      187       18
duplicate:      188        9
duplicate:      189        6
duplicate:      190        6
duplicate:      191        3
duplicate:      192        1
duplicate:      193        7
duplicate:      194       13
duplicate:      195       13
duplicate:      196        3
duplicate:      197       20
duplicate:      198        7
duplicate:      199       13
duplicate:      200        3
duplicate:      201       15
duplicate:      202       20
duplicate:      203       18
duplicate:      204        8
duplicate:      206        4
duplicate:      207       14
duplicate:      208        8
duplicate:      209        8
duplicate:      210        8
duplicate:      211        4
duplicate:      212       14
duplicate:      213       16
duplicate:      214        2
duplicate:      215        4
Number of conformers after Marks filtering 23
           Conformer            #Rotamers
                   0                    1
                   1                    1
                   2                    1
                   3                    2
                   4                    2
                   5                    1
                   6                    2
                   7                    1
                   8                    1
                   9                    2
                  10                    0
                  11                    0
                  12                    1
                  13                    1
                  14                    1
                  15                    1
                  16                    1
                  17                    1
                  18                    1
                  19                    1
                  20                    1
                  21                    0
                  22                    0
       0      180.0      180.0      180.0
       1      290.5      183.2      180.1
       2       69.5      176.8      179.9
       3      183.4      289.9      183.4
       4      176.6       70.1      176.6
       5      290.7      186.5      290.7
       6       69.3      173.6       69.3
       7      293.5      292.7      183.9
       8       66.5       67.4      176.1
       9      289.7      180.0       70.3
      10      289.7      180.0       70.3
      11       64.5       62.6       64.5
      12      295.5      297.4      295.5
      13       66.5      261.9      180.6
      14      293.5       98.1      179.4
      15       97.9      293.0      186.6
      16      262.1       67.0      173.4
      17      287.5      260.8       66.4
      18      293.6       99.2       72.5
      19      260.6       66.8       65.9
      20      294.1      293.2       99.4
      21      261.8       69.7      261.8
      22       98.2      290.3       98.2
