nats:  18
nconformers:  729
[13:49:52] PLAMS working folder: /home/bulo/Ravi/Molecules/set3/cyclohexane/Molecule000
[13:49:52] JOB go0 STARTED
[13:49:53] JOB go1 STARTED
[13:49:53] JOB go2 STARTED
[13:49:53] JOB go3 STARTED
[13:49:53] JOB go4 STARTED
[13:49:53] JOB go0 RUNNING
[13:49:53] JOB go5 STARTED
[13:49:53] JOB go1 RUNNING
[13:49:53] JOB go6 STARTED
[13:49:53] JOB go2 RUNNING
[13:49:53] JOB go7 STARTED
[13:49:53] JOB go3 RUNNING
[13:49:53] JOB go4 RUNNING
[13:49:53] JOB go8 STARTED
[13:49:53] JOB go9 STARTED
[13:49:53] JOB go5 RUNNING
[13:49:53] JOB go10 STARTED
[13:49:53] JOB go6 RUNNING
[13:49:53] JOB go11 STARTED
[13:49:53] JOB go7 RUNNING
[13:49:53] JOB go12 STARTED
[13:49:53] JOB go8 RUNNING
[13:49:53] JOB go9 RUNNING
[13:49:53] JOB go13 STARTED
[13:49:53] JOB go10 RUNNING
[13:49:54] JOB go14 STARTED
[13:49:54] JOB go11 RUNNING
[13:49:54] JOB go15 STARTED
[13:49:54] JOB go12 RUNNING
[13:49:54] JOB go16 STARTED
[13:49:54] JOB go17 STARTED
[13:49:54] JOB go13 RUNNING
[13:49:54] JOB go14 RUNNING
[13:49:54] JOB go18 STARTED
[13:49:54] JOB go15 RUNNING
[13:49:54] JOB go19 STARTED
[13:49:54] JOB go16 RUNNING
[13:49:54] JOB go20 STARTED
[13:49:54] JOB go21 STARTED
[13:49:54] JOB go17 RUNNING
[13:49:54] JOB go22 STARTED
[13:49:54] JOB go19 RUNNING
[13:49:54] JOB go23 STARTED
[13:49:54] JOB go18 RUNNING
[13:49:54] JOB go24 STARTED
[13:49:54] JOB go20 RUNNING
[13:49:54] JOB go25 STARTED
[13:49:54] JOB go21 RUNNING
[13:49:54] JOB go26 STARTED
[13:49:54] JOB go22 RUNNING
[13:49:55] JOB go27 STARTED
[13:49:55] JOB go23 RUNNING
[13:49:55] JOB go28 STARTED
[13:49:55] JOB go24 RUNNING
[13:49:55] JOB go29 STARTED
[13:49:55] JOB go25 RUNNING
[13:49:55] JOB go26 RUNNING
[13:49:55] JOB go30 STARTED
[13:49:55] JOB go27 RUNNING
[13:49:55] JOB go31 STARTED
[13:49:55] JOB go32 STARTED
[13:49:55] JOB go28 RUNNING
[13:49:55] JOB go33 STARTED
[13:49:55] JOB go29 RUNNING
[13:49:55] JOB go34 STARTED
[13:49:55] JOB go30 RUNNING
[13:49:55] JOB go35 STARTED
[13:49:55] JOB go31 RUNNING
[13:49:55] JOB go36 STARTED
[13:49:55] JOB go32 RUNNING
[13:49:55] JOB go37 STARTED
[13:49:55] JOB go33 RUNNING
[13:49:55] JOB go34 RUNNING
[13:49:55] JOB go38 STARTED
[13:49:55] JOB go39 STARTED
[13:49:55] JOB go35 RUNNING
[13:49:55] JOB go40 STARTED
[13:49:55] JOB go36 RUNNING
[13:49:55] JOB go41 STARTED
[13:49:55] JOB go37 RUNNING
[13:49:55] JOB go42 STARTED
[13:49:55] JOB go38 RUNNING
[13:49:55] JOB go43 STARTED
[13:49:55] JOB go39 RUNNING
[13:49:55] JOB go44 STARTED
[13:49:55] JOB go40 RUNNING
[13:49:55] JOB go45 STARTED
[13:49:55] JOB go41 RUNNING
[13:49:55] JOB go46 STARTED
[13:49:55] JOB go42 RUNNING
[13:49:55] JOB go47 STARTED
[13:49:55] JOB go43 RUNNING
[13:49:55] JOB go48 STARTED
[13:49:55] JOB go44 RUNNING
[13:49:55] JOB go49 STARTED
[13:49:55] JOB go45 RUNNING
[13:49:55] JOB go50 STARTED
[13:49:55] JOB go46 RUNNING
[13:49:55] JOB go51 STARTED
[13:49:55] JOB go47 RUNNING
[13:49:55] JOB go52 STARTED
[13:49:55] JOB go48 RUNNING
[13:49:55] JOB go53 STARTED
[13:49:55] JOB go49 RUNNING
[13:49:55] JOB go54 STARTED
[13:49:55] JOB go50 RUNNING
[13:49:55] JOB go55 STARTED
[13:49:55] JOB go51 RUNNING
[13:49:55] JOB go56 STARTED
[13:49:55] JOB go52 RUNNING
[13:49:55] JOB go57 STARTED
[13:49:55] JOB go53 RUNNING
[13:49:55] JOB go58 STARTED
[13:49:55] JOB go54 RUNNING
[13:49:55] JOB go59 STARTED
[13:49:55] JOB go55 RUNNING
[13:49:55] JOB go60 STARTED
[13:49:55] JOB go56 RUNNING
[13:49:55] JOB go61 STARTED
[13:49:55] JOB go57 RUNNING
[13:49:55] JOB go62 STARTED
[13:49:55] JOB go58 RUNNING
[13:49:55] JOB go63 STARTED
[13:49:55] JOB go59 RUNNING
[13:49:55] JOB go64 STARTED
[13:49:55] JOB go60 RUNNING
[13:49:55] JOB go65 STARTED
[13:49:55] JOB go66 STARTED
[13:49:55] JOB go61 RUNNING
[13:49:55] JOB go62 RUNNING
[13:49:55] JOB go67 STARTED
[13:49:55] JOB go63 RUNNING
[13:49:55] JOB go68 STARTED
[13:49:55] JOB go64 RUNNING
[13:49:55] JOB go69 STARTED
[13:49:55] JOB go65 RUNNING
[13:49:55] JOB go70 STARTED
[13:49:55] JOB go66 RUNNING
[13:49:55] JOB go71 STARTED
[13:49:55] JOB go67 RUNNING
[13:49:55] JOB go72 STARTED
[13:49:55] JOB go68 RUNNING
[13:49:55] JOB go69 RUNNING
[13:49:55] JOB go73 STARTED
[13:49:55] JOB go70 RUNNING
[13:49:55] JOB go74 STARTED
[13:49:55] JOB go71 RUNNING
[13:49:55] JOB go75 STARTED
[13:49:55] JOB go72 RUNNING
[13:49:55] JOB go76 STARTED
[13:49:55] JOB go77 STARTED
[13:49:55] JOB go78 STARTED
[13:49:55] JOB go74 RUNNING
[13:49:55] JOB go79 STARTED
[13:49:55] JOB go73 RUNNING
[13:49:55] JOB go75 RUNNING
[13:49:55] JOB go80 STARTED
[13:49:55] JOB go76 RUNNING
[13:49:55] JOB go81 STARTED
[13:49:55] JOB go77 RUNNING
[13:49:55] JOB go82 STARTED
[13:49:55] JOB go78 RUNNING
[13:49:55] JOB go83 STARTED
[13:49:55] JOB go79 RUNNING
[13:49:55] JOB go84 STARTED
[13:49:55] JOB go80 RUNNING
[13:49:55] JOB go85 STARTED
[13:49:55] JOB go81 RUNNING
[13:49:55] JOB go86 STARTED
[13:49:55] JOB go82 RUNNING
[13:49:55] JOB go87 STARTED
[13:49:55] JOB go83 RUNNING
[13:49:55] JOB go88 STARTED
[13:49:55] JOB go84 RUNNING
[13:49:55] JOB go89 STARTED
[13:49:55] JOB go85 RUNNING
[13:49:55] JOB go90 STARTED
[13:49:55] JOB go86 RUNNING
[13:49:55] JOB go91 STARTED
[13:49:55] JOB go87 RUNNING
[13:49:55] JOB go92 STARTED
[13:49:55] JOB go88 RUNNING
[13:49:55] JOB go93 STARTED
[13:49:55] JOB go89 RUNNING
[13:49:55] JOB go94 STARTED
[13:49:55] JOB go90 RUNNING
[13:49:55] JOB go95 STARTED
[13:49:55] JOB go91 RUNNING
[13:49:55] JOB go96 STARTED
[13:49:55] JOB go92 RUNNING
[13:49:56] JOB go97 STARTED
[13:49:56] JOB go93 RUNNING
[13:49:56] JOB go98 STARTED
[13:49:56] JOB go94 RUNNING
[13:49:56] JOB go99 STARTED
[13:49:56] JOB go95 RUNNING
[13:49:56] JOB go100 STARTED
[13:49:56] JOB go96 RUNNING
[13:49:56] JOB go101 STARTED
[13:49:56] JOB go97 RUNNING
[13:49:56] JOB go98 RUNNING
[13:49:56] JOB go102 STARTED
[13:49:56] JOB go103 STARTED
[13:49:56] JOB go99 RUNNING
[13:49:56] JOB go104 STARTED
[13:49:56] JOB go100 RUNNING
[13:49:56] JOB go101 RUNNING
[13:49:56] JOB go105 STARTED
[13:49:56] JOB go102 RUNNING
[13:49:56] JOB go103 RUNNING
[13:49:56] JOB go106 STARTED
[13:49:56] JOB go104 RUNNING
[13:49:56] JOB go107 STARTED
[13:49:56] JOB go108 STARTED
[13:49:56] JOB go109 STARTED
[13:49:56] JOB go105 RUNNING
[13:49:56] JOB go106 RUNNING
[13:49:56] JOB go110 STARTED
[13:49:56] JOB go107 RUNNING
[13:49:56] JOB go111 STARTED
[13:49:56] JOB go112 STARTED
[13:49:56] JOB go108 RUNNING
[13:49:56] JOB go113 STARTED
[13:49:56] JOB go109 RUNNING
[13:49:56] JOB go114 STARTED
[13:49:56] JOB go110 RUNNING
[13:49:56] JOB go115 STARTED
[13:49:56] JOB go111 RUNNING
[13:49:56] JOB go116 STARTED
[13:49:56] JOB go112 RUNNING
[13:49:56] JOB go117 STARTED
[13:49:56] JOB go113 RUNNING
[13:49:56] JOB go118 STARTED
[13:49:56] JOB go114 RUNNING
[13:49:56] JOB go115 RUNNING
[13:49:56] JOB go116 RUNNING
[13:49:56] JOB go119 STARTED
[13:49:56] JOB go117 RUNNING
[13:49:56] JOB go120 STARTED
[13:49:56] JOB go121 STARTED
[13:49:56] JOB go122 STARTED
[13:49:56] JOB go123 STARTED
[13:49:56] JOB go119 RUNNING
[13:49:56] JOB go118 RUNNING
[13:49:56] JOB go124 STARTED
[13:49:56] JOB go120 RUNNING
[13:49:56] JOB go121 RUNNING
[13:49:56] JOB go125 STARTED
[13:49:56] JOB go122 RUNNING
[13:49:56] JOB go126 STARTED
[13:49:56] JOB go123 RUNNING
[13:49:56] JOB go127 STARTED
[13:49:56] JOB go128 STARTED
[13:49:56] JOB go124 RUNNING
[13:49:56] JOB go125 RUNNING
[13:49:56] JOB go126 RUNNING
[13:49:56] JOB go129 STARTED
[13:49:56] JOB go130 STARTED
[13:49:56] JOB go127 RUNNING
[13:49:56] JOB go131 STARTED
[13:49:56] JOB go132 STARTED
[13:49:56] JOB go128 RUNNING
[13:49:56] JOB go133 STARTED
[13:49:56] JOB go129 RUNNING
[13:49:56] JOB go130 RUNNING
[13:49:56] JOB go134 STARTED
[13:49:56] JOB go135 STARTED
[13:49:56] JOB go136 STARTED
[13:49:56] JOB go131 RUNNING
[13:49:56] JOB go132 RUNNING
[13:49:56] JOB go137 STARTED
[13:49:56] JOB go133 RUNNING
[13:49:56] JOB go138 STARTED
[13:49:56] JOB go134 RUNNING
[13:49:56] JOB go139 STARTED
[13:49:56] JOB go135 RUNNING
[13:49:56] JOB go140 STARTED
[13:49:56] JOB go136 RUNNING
[13:49:56] JOB go141 STARTED
[13:49:56] JOB go137 RUNNING
[13:49:56] JOB go142 STARTED
[13:49:56] JOB go138 RUNNING
[13:49:56] JOB go143 STARTED
[13:49:56] JOB go139 RUNNING
[13:49:56] JOB go140 RUNNING
[13:49:56] JOB go144 STARTED
[13:49:56] JOB go141 RUNNING
[13:49:56] JOB go142 RUNNING
[13:49:56] JOB go145 STARTED
[13:49:56] JOB go143 RUNNING
[13:49:56] JOB go146 STARTED
[13:49:56] JOB go144 RUNNING
[13:49:56] JOB go145 RUNNING
[13:49:56] JOB go147 STARTED
[13:49:56] JOB go146 RUNNING
[13:49:56] JOB go148 STARTED
[13:49:56] JOB go147 RUNNING
[13:49:56] JOB go149 STARTED
[13:49:56] JOB go148 RUNNING
[13:49:56] JOB go150 STARTED
[13:49:56] JOB go149 RUNNING
[13:49:56] JOB go151 STARTED
[13:49:56] JOB go150 RUNNING
[13:49:56] JOB go152 STARTED
[13:49:56] JOB go153 STARTED
[13:49:56] JOB go151 RUNNING
[13:49:56] JOB go152 RUNNING
[13:49:56] JOB go154 STARTED
[13:49:57] JOB go153 RUNNING
[13:49:57] JOB go155 STARTED
[13:49:57] JOB go156 STARTED
[13:49:57] JOB go157 STARTED
[13:49:57] JOB go155 RUNNING
[13:49:57] JOB go154 RUNNING
[13:49:57] JOB go156 RUNNING
[13:49:57] JOB go158 STARTED
[13:49:57] JOB go157 RUNNING
[13:49:57] JOB go159 STARTED
[13:49:57] JOB go158 RUNNING
[13:49:57] JOB go160 STARTED
[13:49:57] JOB go159 RUNNING
[13:49:57] JOB go161 STARTED
[13:49:57] JOB go160 RUNNING
[13:49:57] JOB go162 STARTED
[13:49:57] JOB go161 RUNNING
[13:49:57] JOB go163 STARTED
[13:49:57] JOB go162 RUNNING
[13:49:57] JOB go164 STARTED
[13:49:57] JOB go163 RUNNING
[13:49:57] JOB go165 STARTED
[13:49:57] JOB go164 RUNNING
[13:49:57] JOB go166 STARTED
[13:49:57] JOB go165 RUNNING
[13:49:57] JOB go167 STARTED
[13:49:57] JOB go168 STARTED
[13:49:57] JOB go166 RUNNING
[13:49:57] JOB go167 RUNNING
[13:49:57] JOB go169 STARTED
[13:49:57] JOB go168 RUNNING
[13:49:57] JOB go170 STARTED
[13:49:57] JOB go171 STARTED
[13:49:57] JOB go169 RUNNING
[13:49:57] JOB go170 RUNNING
[13:49:57] JOB go172 STARTED
[13:49:57] JOB go173 STARTED
[13:49:57] JOB go171 RUNNING
[13:49:57] JOB go174 STARTED
[13:49:57] JOB go175 STARTED
[13:49:57] JOB go172 RUNNING
[13:49:57] JOB go173 RUNNING
[13:49:57] JOB go176 STARTED
[13:49:57] JOB go174 RUNNING
[13:49:57] JOB go175 RUNNING
[13:49:57] JOB go177 STARTED
[13:49:57] JOB go176 RUNNING
[13:49:57] JOB go178 STARTED
[13:49:57] JOB go179 STARTED
[13:49:57] JOB go180 STARTED
[13:49:57] JOB go177 RUNNING
[13:49:57] JOB go178 RUNNING
[13:49:57] JOB go179 RUNNING
[13:49:57] JOB go181 STARTED
[13:49:57] JOB go180 RUNNING
[13:49:57] JOB go182 STARTED
[13:49:57] JOB go181 RUNNING
[13:49:57] JOB go183 STARTED
[13:49:57] JOB go182 RUNNING
[13:49:57] JOB go184 STARTED
[13:49:57] JOB go185 STARTED
[13:49:57] JOB go183 RUNNING
[13:49:57] JOB go184 RUNNING
[13:49:57] JOB go186 STARTED
[13:49:57] JOB go187 STARTED
[13:49:57] JOB go188 STARTED
[13:49:57] JOB go185 RUNNING
[13:49:57] JOB go189 STARTED
[13:49:58] JOB go186 RUNNING
[13:49:58] JOB go190 STARTED
[13:49:58] JOB go187 RUNNING
[13:49:58] JOB go191 STARTED
[13:49:58] JOB go188 RUNNING
[13:49:58] JOB go192 STARTED
[13:49:58] JOB go189 RUNNING
[13:49:58] JOB go193 STARTED
[13:49:58] JOB go194 STARTED
[13:49:58] JOB go190 RUNNING
[13:49:58] JOB go191 RUNNING
[13:49:58] JOB go195 STARTED
[13:49:58] JOB go192 RUNNING
[13:49:58] JOB go196 STARTED
[13:49:58] JOB go193 RUNNING
[13:49:58] JOB go194 RUNNING
[13:49:58] JOB go197 STARTED
[13:49:58] JOB go195 RUNNING
[13:49:58] JOB go198 STARTED
[13:49:58] JOB go199 STARTED
[13:49:58] JOB go196 RUNNING
[13:49:58] JOB go200 STARTED
[13:49:58] JOB go197 RUNNING
[13:49:58] JOB go201 STARTED
[13:49:58] JOB go202 STARTED
[13:49:58] JOB go199 RUNNING
[13:49:58] JOB go198 RUNNING
[13:49:58] JOB go203 STARTED
[13:49:58] JOB go200 RUNNING
[13:49:58] JOB go204 STARTED
[13:49:58] JOB go201 RUNNING
[13:49:58] JOB go202 RUNNING
[13:49:58] JOB go203 RUNNING
[13:49:58] JOB go205 STARTED
[13:49:58] JOB go206 STARTED
[13:49:58] JOB go204 RUNNING
[13:49:58] JOB go207 STARTED
[13:49:58] JOB go208 STARTED
[13:49:58] JOB go209 STARTED
[13:49:58] JOB go205 RUNNING
[13:49:58] JOB go210 STARTED
[13:49:58] JOB go207 RUNNING
[13:49:58] JOB go206 RUNNING
[13:49:58] JOB go208 RUNNING
[13:49:58] JOB go211 STARTED
[13:49:58] JOB go209 RUNNING
[13:49:58] JOB go212 STARTED
[13:49:58] JOB go213 STARTED
[13:49:58] JOB go210 RUNNING
[13:49:58] JOB go214 STARTED
[13:49:59] JOB go211 RUNNING
[13:49:59] JOB go215 STARTED
[13:49:59] JOB go212 RUNNING
[13:49:59] JOB go213 RUNNING
[13:49:59] JOB go216 STARTED
[13:49:59] JOB go214 RUNNING
[13:49:59] JOB go217 STARTED
[13:49:59] JOB go218 STARTED
[13:49:59] JOB go219 STARTED
[13:49:59] JOB go215 RUNNING
[13:49:59] JOB go220 STARTED
[13:49:59] JOB go216 RUNNING
[13:49:59] JOB go217 RUNNING
[13:49:59] JOB go218 RUNNING
[13:49:59] JOB go221 STARTED
[13:49:59] JOB go219 RUNNING
[13:49:59] JOB go222 STARTED
[13:49:59] JOB go223 STARTED
[13:49:59] JOB go220 RUNNING
[13:49:59] JOB go224 STARTED
[13:49:59] JOB go221 RUNNING
[13:49:59] JOB go225 STARTED
[13:49:59] JOB go223 RUNNING
[13:49:59] JOB go226 STARTED
[13:49:59] JOB go222 RUNNING
[13:49:59] JOB go224 RUNNING
[13:49:59] JOB go227 STARTED
[13:49:59] JOB go225 RUNNING
[13:49:59] JOB go228 STARTED
[13:49:59] JOB go229 STARTED
[13:49:59] JOB go226 RUNNING
[13:49:59] JOB go230 STARTED
[13:49:59] JOB go231 STARTED
[13:49:59] JOB go227 RUNNING
[13:49:59] JOB go232 STARTED
[13:49:59] JOB go228 RUNNING
[13:49:59] JOB go229 RUNNING
[13:49:59] JOB go230 RUNNING
[13:49:59] JOB go231 RUNNING
[13:49:59] JOB go233 STARTED
[13:49:59] JOB go234 STARTED
[13:49:59] JOB go232 RUNNING
[13:49:59] JOB go235 STARTED
[13:49:59] JOB go236 STARTED
[13:49:59] JOB go233 RUNNING
[13:49:59] JOB go237 STARTED
[13:49:59] JOB go235 RUNNING
[13:49:59] JOB go238 STARTED
[13:49:59] JOB go234 RUNNING
[13:49:59] JOB go239 STARTED
[13:49:59] JOB go240 STARTED
[13:49:59] JOB go236 RUNNING
[13:49:59] JOB go241 STARTED
[13:49:59] JOB go238 RUNNING
[13:49:59] JOB go239 RUNNING
[13:49:59] JOB go237 RUNNING
[13:49:59] JOB go242 STARTED
[13:49:59] JOB go240 RUNNING
[13:49:59] JOB go243 STARTED
[13:49:59] JOB go244 STARTED
[13:49:59] JOB go241 RUNNING
[13:49:59] JOB go245 STARTED
[13:49:59] JOB go242 RUNNING
[13:49:59] JOB go246 STARTED
[13:49:59] JOB go243 RUNNING
[13:49:59] JOB go247 STARTED
[13:49:59] JOB go244 RUNNING
[13:49:59] JOB go245 RUNNING
[13:49:59] JOB go248 STARTED
[13:49:59] JOB go249 STARTED
[13:49:59] JOB go246 RUNNING
[13:49:59] JOB go250 STARTED
[13:49:59] JOB go247 RUNNING
[13:49:59] JOB go251 STARTED
[13:49:59] JOB go248 RUNNING
[13:49:59] JOB go252 STARTED
[13:49:59] JOB go249 RUNNING
[13:49:59] JOB go253 STARTED
[13:49:59] JOB go250 RUNNING
[13:49:59] JOB go254 STARTED
[13:49:59] JOB go251 RUNNING
[13:49:59] JOB go252 RUNNING
[13:49:59] JOB go255 STARTED
[13:49:59] JOB go253 RUNNING
[13:49:59] JOB go256 STARTED
[13:49:59] JOB go257 STARTED
[13:49:59] JOB go258 STARTED
[13:49:59] JOB go254 RUNNING
[13:49:59] JOB go259 STARTED
[13:49:59] JOB go260 STARTED
[13:49:59] JOB go256 RUNNING
[13:49:59] JOB go257 RUNNING
[13:49:59] JOB go255 RUNNING
[13:49:59] JOB go261 STARTED
[13:49:59] JOB go258 RUNNING
[13:49:59] JOB go259 RUNNING
[13:49:59] JOB go262 STARTED
[13:49:59] JOB go263 STARTED
[13:49:59] JOB go260 RUNNING
[13:49:59] JOB go264 STARTED
[13:49:59] JOB go261 RUNNING
[13:49:59] JOB go265 STARTED
[13:49:59] JOB go262 RUNNING
[13:49:59] JOB go263 RUNNING
[13:49:59] JOB go266 STARTED
[13:49:59] JOB go264 RUNNING
[13:49:59] JOB go267 STARTED
[13:49:59] JOB go268 STARTED
[13:49:59] JOB go269 STARTED
[13:49:59] JOB go265 RUNNING
[13:49:59] JOB go270 STARTED
[13:49:59] JOB go266 RUNNING
[13:49:59] JOB go267 RUNNING
[13:49:59] JOB go271 STARTED
[13:49:59] JOB go268 RUNNING
[13:49:59] JOB go269 RUNNING
[13:49:59] JOB go270 RUNNING
[13:49:59] JOB go272 STARTED
[13:49:59] JOB go273 STARTED
[13:49:59] JOB go274 STARTED
[13:49:59] JOB go271 RUNNING
[13:49:59] JOB go275 STARTED
[13:49:59] JOB go272 RUNNING
[13:49:59] JOB go276 STARTED
[13:49:59] JOB go273 RUNNING
[13:49:59] JOB go274 RUNNING
[13:49:59] JOB go277 STARTED
[13:49:59] JOB go275 RUNNING
[13:49:59] JOB go278 STARTED
[13:49:59] JOB go279 STARTED
[13:49:59] JOB go277 RUNNING
[13:49:59] JOB go276 RUNNING
[13:49:59] JOB go280 STARTED
[13:49:59] JOB go281 STARTED
[13:49:59] JOB go278 RUNNING
[13:49:59] JOB go282 STARTED
[13:49:59] JOB go283 STARTED
[13:49:59] JOB go279 RUNNING
[13:49:59] JOB go284 STARTED
[13:49:59] JOB go280 RUNNING
[13:49:59] JOB go281 RUNNING
[13:49:59] JOB go285 STARTED
[13:49:59] JOB go286 STARTED
[13:49:59] JOB go282 RUNNING
[13:49:59] JOB go287 STARTED
[13:49:59] JOB go283 RUNNING
[13:49:59] JOB go288 STARTED
[13:49:59] JOB go284 RUNNING
[13:49:59] JOB go289 STARTED
[13:49:59] JOB go285 RUNNING
[13:50:00] JOB go286 RUNNING
[13:50:00] JOB go290 STARTED
[13:50:00] JOB go287 RUNNING
[13:50:00] JOB go291 STARTED
[13:50:00] JOB go288 RUNNING
[13:50:00] JOB go292 STARTED
[13:50:00] JOB go289 RUNNING
[13:50:00] JOB go293 STARTED
[13:50:00] JOB go294 STARTED
[13:50:00] JOB go290 RUNNING
[13:50:00] JOB go295 STARTED
[13:50:00] JOB go291 RUNNING
[13:50:00] JOB go296 STARTED
[13:50:00] JOB go292 RUNNING
[13:50:00] JOB go297 STARTED
[13:50:00] JOB go293 RUNNING
[13:50:00] JOB go298 STARTED
[13:50:00] JOB go294 RUNNING
[13:50:00] JOB go299 STARTED
[13:50:00] JOB go295 RUNNING
[13:50:00] JOB go300 STARTED
[13:50:00] JOB go296 RUNNING
[13:50:00] JOB go301 STARTED
[13:50:00] JOB go297 RUNNING
[13:50:00] JOB go302 STARTED
[13:50:00] JOB go298 RUNNING
[13:50:00] JOB go303 STARTED
[13:50:00] JOB go299 RUNNING
[13:50:00] JOB go304 STARTED
[13:50:00] JOB go300 RUNNING
[13:50:00] JOB go305 STARTED
[13:50:00] JOB go301 RUNNING
[13:50:00] JOB go302 RUNNING
[13:50:00] JOB go306 STARTED
[13:50:00] JOB go1 FINISHED
[13:50:00] JOB go303 RUNNING
[13:50:00] JOB go307 STARTED
[13:50:00] JOB go308 STARTED
[13:50:00] JOB go304 RUNNING
[13:50:00] JOB go309 STARTED
[13:50:00] JOB go305 RUNNING
[13:50:00] JOB go306 RUNNING
[13:50:00] JOB go310 STARTED
[13:50:00] JOB go311 STARTED
[13:50:00] JOB go307 RUNNING
[13:50:00] JOB go312 STARTED
[13:50:00] JOB go308 RUNNING
[13:50:00] JOB go313 STARTED
[13:50:00] JOB go309 RUNNING
[13:50:00] JOB go314 STARTED
[13:50:00] JOB go310 RUNNING
[13:50:00] JOB go315 STARTED
[13:50:00] JOB go311 RUNNING
[13:50:00] JOB go316 STARTED
[13:50:00] JOB go312 RUNNING
[13:50:00] JOB go317 STARTED
[13:50:00] JOB go313 RUNNING
[13:50:00] JOB go318 STARTED
[13:50:00] JOB go314 RUNNING
[13:50:00] JOB go319 STARTED
[13:50:00] JOB go315 RUNNING
[13:50:00] JOB go320 STARTED
[13:50:00] JOB go316 RUNNING
[13:50:00] JOB go321 STARTED
[13:50:00] JOB go317 RUNNING
[13:50:00] JOB go322 STARTED
[13:50:00] JOB go318 RUNNING
[13:50:00] JOB go323 STARTED
[13:50:00] JOB go319 RUNNING
[13:50:00] JOB go320 RUNNING
[13:50:00] JOB go324 STARTED
[13:50:00] JOB go321 RUNNING
[13:50:00] JOB go325 STARTED
[13:50:00] JOB go326 STARTED
[13:50:00] JOB go322 RUNNING
[13:50:00] JOB go327 STARTED
[13:50:00] JOB go323 RUNNING
[13:50:00] JOB go328 STARTED
[13:50:00] JOB go324 RUNNING
[13:50:00] JOB go329 STARTED
[13:50:00] JOB go325 RUNNING
[13:50:00] JOB go330 STARTED
[13:50:00] JOB go326 RUNNING
[13:50:00] JOB go331 STARTED
[13:50:00] JOB go327 RUNNING
[13:50:00] JOB go332 STARTED
[13:50:00] JOB go328 RUNNING
[13:50:00] JOB go333 STARTED
[13:50:00] JOB go329 RUNNING
[13:50:00] JOB go334 STARTED
[13:50:00] JOB go330 RUNNING
[13:50:00] JOB go335 STARTED
[13:50:00] JOB go331 RUNNING
[13:50:00] JOB go336 STARTED
[13:50:00] JOB go332 RUNNING
[13:50:00] JOB go337 STARTED
[13:50:00] JOB go333 RUNNING
[13:50:00] JOB go338 STARTED
[13:50:00] JOB go334 RUNNING
[13:50:00] JOB go339 STARTED
[13:50:00] JOB go335 RUNNING
[13:50:00] JOB go340 STARTED
[13:50:00] JOB go336 RUNNING
[13:50:00] JOB go341 STARTED
[13:50:00] JOB go337 RUNNING
[13:50:00] JOB go342 STARTED
[13:50:00] JOB go338 RUNNING
[13:50:00] JOB go343 STARTED
[13:50:00] JOB go339 RUNNING
[13:50:00] JOB go344 STARTED
[13:50:00] JOB go340 RUNNING
[13:50:00] JOB go345 STARTED
[13:50:00] JOB go341 RUNNING
[13:50:00] JOB go346 STARTED
[13:50:00] JOB go342 RUNNING
[13:50:00] JOB go347 STARTED
[13:50:00] JOB go343 RUNNING
[13:50:00] JOB go348 STARTED
[13:50:00] JOB go344 RUNNING
[13:50:00] JOB go349 STARTED
[13:50:00] JOB go345 RUNNING
[13:50:00] JOB go350 STARTED
[13:50:00] JOB go346 RUNNING
[13:50:00] JOB go351 STARTED
[13:50:00] JOB go347 RUNNING
[13:50:00] JOB go352 STARTED
[13:50:00] JOB go348 RUNNING
[13:50:00] JOB go353 STARTED
[13:50:00] JOB go349 RUNNING
[13:50:00] JOB go354 STARTED
[13:50:00] JOB go350 RUNNING
[13:50:00] JOB go355 STARTED
[13:50:00] JOB go351 RUNNING
[13:50:00] JOB go356 STARTED
[13:50:00] JOB go352 RUNNING
[13:50:00] JOB go357 STARTED
[13:50:00] JOB go353 RUNNING
[13:50:00] JOB go358 STARTED
[13:50:00] JOB go354 RUNNING
[13:50:00] JOB go359 STARTED
[13:50:00] JOB go355 RUNNING
[13:50:00] JOB go360 STARTED
[13:50:00] JOB go356 RUNNING
[13:50:00] JOB go361 STARTED
[13:50:00] JOB go357 RUNNING
[13:50:00] JOB go362 STARTED
[13:50:00] JOB go358 RUNNING
[13:50:00] JOB go363 STARTED
[13:50:00] JOB go359 RUNNING
[13:50:00] JOB go364 STARTED
[13:50:00] JOB go360 RUNNING
[13:50:00] JOB go365 STARTED
[13:50:00] JOB go361 RUNNING
[13:50:00] JOB go366 STARTED
[13:50:00] JOB go362 RUNNING
[13:50:00] JOB go367 STARTED
[13:50:00] JOB go363 RUNNING
[13:50:00] JOB go368 STARTED
[13:50:00] JOB go364 RUNNING
[13:50:00] JOB go369 STARTED
[13:50:00] JOB go365 RUNNING
[13:50:00] JOB go370 STARTED
[13:50:00] JOB go366 RUNNING
[13:50:00] JOB go371 STARTED
[13:50:00] JOB go367 RUNNING
[13:50:00] JOB go372 STARTED
[13:50:00] JOB go368 RUNNING
[13:50:01] JOB go373 STARTED
[13:50:01] JOB go369 RUNNING
[13:50:01] JOB go374 STARTED
[13:50:01] JOB go370 RUNNING
[13:50:01] JOB go375 STARTED
[13:50:01] JOB go371 RUNNING
[13:50:01] JOB go376 STARTED
[13:50:01] JOB go372 RUNNING
[13:50:01] JOB go377 STARTED
[13:50:01] JOB go373 RUNNING
[13:50:01] JOB go378 STARTED
[13:50:01] JOB go374 RUNNING
[13:50:01] JOB go379 STARTED
[13:50:01] JOB go375 RUNNING
[13:50:01] JOB go380 STARTED
[13:50:01] JOB go376 RUNNING
[13:50:01] JOB go381 STARTED
[13:50:01] JOB go377 RUNNING
[13:50:01] JOB go382 STARTED
[13:50:01] JOB go378 RUNNING
[13:50:01] JOB go383 STARTED
[13:50:01] JOB go379 RUNNING
[13:50:01] JOB go380 RUNNING
[13:50:01] JOB go384 STARTED
[13:50:01] JOB go385 STARTED
[13:50:01] JOB go381 RUNNING
[13:50:01] JOB go1 SUCCESSFUL
[13:50:01] JOB go386 STARTED
[13:50:01] JOB go382 RUNNING
[13:50:01] JOB go387 STARTED
[13:50:01] JOB go383 RUNNING
[13:50:01] JOB go384 RUNNING
[13:50:01] JOB go388 STARTED
[13:50:01] JOB go385 RUNNING
[13:50:01] JOB go389 STARTED
[13:50:01] JOB go386 RUNNING
[13:50:01] JOB go390 STARTED
[13:50:01] JOB go387 RUNNING
[13:50:01] JOB go391 STARTED
[13:50:01] JOB go388 RUNNING
[13:50:01] JOB go392 STARTED
[13:50:01] JOB go389 RUNNING
[13:50:01] JOB go393 STARTED
[13:50:01] JOB go394 STARTED
[13:50:01] JOB go390 RUNNING
[13:50:01] JOB go395 STARTED
[13:50:01] JOB go391 RUNNING
[13:50:01] JOB go392 RUNNING
[13:50:01] JOB go396 STARTED
[13:50:01] JOB go393 RUNNING
[13:50:01] JOB go397 STARTED
[13:50:01] JOB go394 RUNNING
[13:50:01] JOB go398 STARTED
[13:50:01] JOB go395 RUNNING
[13:50:01] JOB go399 STARTED
[13:50:01] JOB go396 RUNNING
[13:50:01] JOB go397 RUNNING
[13:50:01] JOB go400 STARTED
[13:50:01] JOB go401 STARTED
[13:50:01] JOB go398 RUNNING
[13:50:01] JOB go402 STARTED
[13:50:01] JOB go400 RUNNING
[13:50:01] JOB go403 STARTED
[13:50:01] JOB go399 RUNNING
[13:50:01] JOB go404 STARTED
[13:50:01] JOB go402 RUNNING
[13:50:01] JOB go405 STARTED
[13:50:01] JOB go401 RUNNING
[13:50:01] JOB go403 RUNNING
[13:50:01] JOB go404 RUNNING
[13:50:01] JOB go406 STARTED
[13:50:01] JOB go405 RUNNING
[13:50:01] JOB go407 STARTED
[13:50:01] JOB go408 STARTED
[13:50:01] JOB go409 STARTED
[13:50:01] JOB go406 RUNNING
[13:50:01] JOB go410 STARTED
[13:50:01] JOB go411 STARTED
[13:50:01] JOB go407 RUNNING
[13:50:01] JOB go412 STARTED
[13:50:01] JOB go408 RUNNING
[13:50:01] JOB go413 STARTED
[13:50:01] JOB go409 RUNNING
[13:50:01] JOB go414 STARTED
[13:50:01] JOB go410 RUNNING
[13:50:01] JOB go415 STARTED
[13:50:01] JOB go411 RUNNING
[13:50:01] JOB go416 STARTED
[13:50:01] JOB go412 RUNNING
[13:50:01] JOB go417 STARTED
[13:50:01] JOB go413 RUNNING
[13:50:01] JOB go418 STARTED
[13:50:01] JOB go414 RUNNING
[13:50:01] JOB go419 STARTED
[13:50:01] JOB go416 RUNNING
[13:50:01] JOB go415 RUNNING
[13:50:01] JOB go417 RUNNING
[13:50:01] JOB go418 RUNNING
[13:50:01] JOB go420 STARTED
[13:50:01] JOB go419 RUNNING
[13:50:01] JOB go421 STARTED
[13:50:01] JOB go420 RUNNING
[13:50:01] JOB go422 STARTED
[13:50:01] JOB go423 STARTED
[13:50:02] JOB go421 RUNNING
[13:50:02] JOB go424 STARTED
[13:50:02] JOB go422 RUNNING
[13:50:02] JOB go423 RUNNING
[13:50:02] JOB go425 STARTED
[13:50:02] JOB go424 RUNNING
[13:50:02] JOB go426 STARTED
[13:50:02] JOB go425 RUNNING
[13:50:02] JOB go427 STARTED
[13:50:02] JOB go428 STARTED
[13:50:02] JOB go429 STARTED
[13:50:02] JOB go426 RUNNING
[13:50:02] JOB go428 RUNNING
[13:50:02] JOB go430 STARTED
[13:50:02] JOB go427 RUNNING
[13:50:02] JOB go429 RUNNING
[13:50:02] JOB go431 STARTED
[13:50:02] JOB go430 RUNNING
[13:50:02] JOB go432 STARTED
[13:50:02] JOB go431 RUNNING
[13:50:02] JOB go433 STARTED
[13:50:02] JOB go432 RUNNING
[13:50:02] JOB go434 STARTED
[13:50:02] JOB go433 RUNNING
[13:50:02] JOB go435 STARTED
[13:50:02] JOB go434 RUNNING
[13:50:02] JOB go436 STARTED
[13:50:02] JOB go435 RUNNING
[13:50:02] JOB go437 STARTED
[13:50:02] JOB go436 RUNNING
[13:50:02] JOB go438 STARTED
[13:50:02] JOB go437 RUNNING
[13:50:02] JOB go439 STARTED
[13:50:02] JOB go438 RUNNING
[13:50:02] JOB go440 STARTED
[13:50:02] JOB go439 RUNNING
[13:50:02] JOB go441 STARTED
[13:50:02] JOB go440 RUNNING
[13:50:02] JOB go442 STARTED
[13:50:02] JOB go443 STARTED
[13:50:02] JOB go441 RUNNING
[13:50:02] JOB go444 STARTED
[13:50:02] JOB go442 RUNNING
[13:50:02] JOB go445 STARTED
[13:50:02] JOB go443 RUNNING
[13:50:02] JOB go446 STARTED
[13:50:02] JOB go444 RUNNING
[13:50:02] JOB go445 RUNNING
[13:50:02] JOB go447 STARTED
[13:50:02] JOB go446 RUNNING
[13:50:02] JOB go448 STARTED
[13:50:02] JOB go447 RUNNING
[13:50:02] JOB go449 STARTED
[13:50:02] JOB go450 STARTED
[13:50:02] JOB go451 STARTED
[13:50:02] JOB go448 RUNNING
[13:50:02] JOB go452 STARTED
[13:50:02] JOB go453 STARTED
[13:50:02] JOB go454 STARTED
[13:50:02] JOB go449 RUNNING
[13:50:02] JOB go450 RUNNING
[13:50:02] JOB go455 STARTED
[13:50:02] JOB go451 RUNNING
[13:50:02] JOB go456 STARTED
[13:50:02] JOB go453 RUNNING
[13:50:02] JOB go457 STARTED
[13:50:02] JOB go454 RUNNING
[13:50:02] JOB go452 RUNNING
[13:50:02] JOB go458 STARTED
[13:50:02] JOB go455 RUNNING
[13:50:02] JOB go456 RUNNING
[13:50:02] JOB go457 RUNNING
[13:50:02] JOB go459 STARTED
[13:50:02] JOB go460 STARTED
[13:50:02] JOB go461 STARTED
[13:50:02] JOB go462 STARTED
[13:50:02] JOB go458 RUNNING
[13:50:02] JOB go463 STARTED
[13:50:02] JOB go459 RUNNING
[13:50:02] JOB go464 STARTED
[13:50:02] JOB go460 RUNNING
[13:50:02] JOB go465 STARTED
[13:50:02] JOB go461 RUNNING
[13:50:02] JOB go462 RUNNING
[13:50:02] JOB go463 RUNNING
[13:50:02] JOB go466 STARTED
[13:50:02] JOB go467 STARTED
[13:50:02] JOB go464 RUNNING
[13:50:02] JOB go468 STARTED
[13:50:02] JOB go466 RUNNING
[13:50:02] JOB go465 RUNNING
[13:50:02] JOB go469 STARTED
[13:50:02] JOB go467 RUNNING
[13:50:02] JOB go470 STARTED
[13:50:02] JOB go468 RUNNING
[13:50:02] JOB go471 STARTED
[13:50:02] JOB go472 STARTED
[13:50:03] JOB go473 STARTED
[13:50:03] JOB go469 RUNNING
[13:50:03] JOB go474 STARTED
[13:50:03] JOB go470 RUNNING
[13:50:03] JOB go472 RUNNING
[13:50:03] JOB go471 RUNNING
[13:50:03] JOB go475 STARTED
[13:50:03] JOB go473 RUNNING
[13:50:03] JOB go474 RUNNING
[13:50:03] JOB go476 STARTED
[13:50:03] JOB go477 STARTED
[13:50:03] JOB go478 STARTED
[13:50:03] JOB go475 RUNNING
[13:50:03] JOB go479 STARTED
[13:50:03] JOB go476 RUNNING
[13:50:03] JOB go480 STARTED
[13:50:03] JOB go477 RUNNING
[13:50:03] JOB go478 RUNNING
[13:50:03] JOB go481 STARTED
[13:50:03] JOB go479 RUNNING
[13:50:03] JOB go482 STARTED
[13:50:03] JOB go483 STARTED
[13:50:03] JOB go484 STARTED
[13:50:03] JOB go480 RUNNING
[13:50:03] JOB go485 STARTED
[13:50:03] JOB go481 RUNNING
[13:50:03] JOB go482 RUNNING
[13:50:03] JOB go486 STARTED
[13:50:03] JOB go483 RUNNING
[13:50:03] JOB go484 RUNNING
[13:50:03] JOB go485 RUNNING
[13:50:03] JOB go487 STARTED
[13:50:03] JOB go488 STARTED
[13:50:03] JOB go489 STARTED
[13:50:03] JOB go486 RUNNING
[13:50:03] JOB go487 RUNNING
[13:50:03] JOB go490 STARTED
[13:50:03] JOB go488 RUNNING
[13:50:03] JOB go491 STARTED
[13:50:03] JOB go489 RUNNING
[13:50:03] JOB go492 STARTED
[13:50:03] JOB go493 STARTED
[13:50:03] JOB go490 RUNNING
[13:50:03] JOB go494 STARTED
[13:50:03] JOB go495 STARTED
[13:50:03] JOB go491 RUNNING
[13:50:03] JOB go496 STARTED
[13:50:03] JOB go492 RUNNING
[13:50:03] JOB go493 RUNNING
[13:50:03] JOB go494 RUNNING
[13:50:03] JOB go497 STARTED
[13:50:03] JOB go495 RUNNING
[13:50:03] JOB go498 STARTED
[13:50:03] JOB go499 STARTED
[13:50:03] JOB go496 RUNNING
[13:50:03] JOB go500 STARTED
[13:50:03] JOB go497 RUNNING
[13:50:03] JOB go501 STARTED
[13:50:03] JOB go498 RUNNING
[13:50:03] JOB go502 STARTED
[13:50:03] JOB go500 RUNNING
[13:50:03] JOB go503 STARTED
[13:50:03] JOB go499 RUNNING
[13:50:03] JOB go501 RUNNING
[13:50:03] JOB go504 STARTED
[13:50:03] JOB go502 RUNNING
[13:50:03] JOB go505 STARTED
[13:50:03] JOB go506 STARTED
[13:50:03] JOB go503 RUNNING
[13:50:03] JOB go507 STARTED
[13:50:03] JOB go508 STARTED
[13:50:03] JOB go504 RUNNING
[13:50:03] JOB go505 RUNNING
[13:50:03] JOB go506 RUNNING
[13:50:03] JOB go509 STARTED
[13:50:03] JOB go510 STARTED
[13:50:03] JOB go507 RUNNING
[13:50:03] JOB go511 STARTED
[13:50:03] JOB go508 RUNNING
[13:50:03] JOB go512 STARTED
[13:50:03] JOB go513 STARTED
[13:50:03] JOB go509 RUNNING
[13:50:03] JOB go514 STARTED
[13:50:03] JOB go510 RUNNING
[13:50:03] JOB go511 RUNNING
[13:50:03] JOB go512 RUNNING
[13:50:03] JOB go513 RUNNING
[13:50:03] JOB go515 STARTED
[13:50:03] JOB go516 STARTED
[13:50:03] JOB go517 STARTED
[13:50:03] JOB go514 RUNNING
[13:50:03] JOB go518 STARTED
[13:50:03] JOB go515 RUNNING
[13:50:03] JOB go516 RUNNING
[13:50:03] JOB go519 STARTED
[13:50:03] JOB go517 RUNNING
[13:50:03] JOB go520 STARTED
[13:50:03] JOB go521 STARTED
[13:50:03] JOB go522 STARTED
[13:50:03] JOB go518 RUNNING
[13:50:03] JOB go523 STARTED
[13:50:03] JOB go519 RUNNING
[13:50:03] JOB go524 STARTED
[13:50:03] JOB go521 RUNNING
[13:50:03] JOB go525 STARTED
[13:50:03] JOB go520 RUNNING
[13:50:03] JOB go522 RUNNING
[13:50:03] JOB go526 STARTED
[13:50:03] JOB go523 RUNNING
[13:50:03] JOB go527 STARTED
[13:50:03] JOB go528 STARTED
[13:50:03] JOB go524 RUNNING
[13:50:03] JOB go525 RUNNING
[13:50:03] JOB go526 RUNNING
[13:50:03] JOB go529 STARTED
[13:50:03] JOB go527 RUNNING
[13:50:03] JOB go530 STARTED
[13:50:03] JOB go531 STARTED
[13:50:03] JOB go528 RUNNING
[13:50:03] JOB go532 STARTED
[13:50:03] JOB go529 RUNNING
[13:50:03] JOB go533 STARTED
[13:50:03] JOB go534 STARTED
[13:50:03] JOB go530 RUNNING
[13:50:03] JOB go531 RUNNING
[13:50:03] JOB go535 STARTED
[13:50:03] JOB go532 RUNNING
[13:50:03] JOB go533 RUNNING
[13:50:03] JOB go536 STARTED
[13:50:03] JOB go537 STARTED
[13:50:03] JOB go538 STARTED
[13:50:03] JOB go534 RUNNING
[13:50:03] JOB go535 RUNNING
[13:50:03] JOB go539 STARTED
[13:50:03] JOB go540 STARTED
[13:50:03] JOB go536 RUNNING
[13:50:03] JOB go537 RUNNING
[13:50:03] JOB go541 STARTED
[13:50:03] JOB go538 RUNNING
[13:50:03] JOB go542 STARTED
[13:50:03] JOB go539 RUNNING
[13:50:03] JOB go543 STARTED
[13:50:03] JOB go540 RUNNING
[13:50:03] JOB go544 STARTED
[13:50:03] JOB go545 STARTED
[13:50:03] JOB go541 RUNNING
[13:50:03] JOB go546 STARTED
[13:50:03] JOB go542 RUNNING
[13:50:03] JOB go547 STARTED
[13:50:03] JOB go543 RUNNING
[13:50:03] JOB go548 STARTED
[13:50:03] JOB go544 RUNNING
[13:50:03] JOB go549 STARTED
[13:50:03] JOB go545 RUNNING
[13:50:03] JOB go550 STARTED
[13:50:03] JOB go546 RUNNING
[13:50:03] JOB go551 STARTED
[13:50:03] JOB go547 RUNNING
[13:50:03] JOB go552 STARTED
[13:50:04] JOB go548 RUNNING
[13:50:04] JOB go550 RUNNING
[13:50:04] JOB go553 STARTED
[13:50:04] JOB go549 RUNNING
[13:50:04] JOB go554 STARTED
[13:50:04] JOB go551 RUNNING
[13:50:04] JOB go555 STARTED
[13:50:04] JOB go556 STARTED
[13:50:04] JOB go552 RUNNING
[13:50:04] JOB go557 STARTED
[13:50:04] JOB go553 RUNNING
[13:50:04] JOB go558 STARTED
[13:50:04] JOB go554 RUNNING
[13:50:04] JOB go555 RUNNING
[13:50:04] JOB go559 STARTED
[13:50:04] JOB go556 RUNNING
[13:50:04] JOB go560 STARTED
[13:50:04] JOB go561 STARTED
[13:50:04] JOB go557 RUNNING
[13:50:04] JOB go562 STARTED
[13:50:04] JOB go558 RUNNING
[13:50:04] JOB go563 STARTED
[13:50:04] JOB go559 RUNNING
[13:50:04] JOB go564 STARTED
[13:50:04] JOB go560 RUNNING
[13:50:04] JOB go565 STARTED
[13:50:04] JOB go561 RUNNING
[13:50:04] JOB go566 STARTED
[13:50:04] JOB go562 RUNNING
[13:50:04] JOB go567 STARTED
[13:50:04] JOB go563 RUNNING
[13:50:04] JOB go568 STARTED
[13:50:04] JOB go564 RUNNING
[13:50:04] JOB go0 FINISHED
[13:50:04] JOB go569 STARTED
[13:50:04] JOB go565 RUNNING
[13:50:04] JOB go570 STARTED
[13:50:04] JOB go566 RUNNING
[13:50:04] JOB go567 RUNNING
[13:50:04] JOB go571 STARTED
[13:50:04] JOB go568 RUNNING
[13:50:04] JOB go0 SUCCESSFUL
[13:50:04] JOB go572 STARTED
[13:50:04] JOB go573 STARTED
[13:50:04] JOB go569 RUNNING
[13:50:04] JOB go570 RUNNING
[13:50:04] JOB go574 STARTED
[13:50:04] JOB go571 RUNNING
[13:50:04] JOB go575 STARTED
[13:50:04] JOB go576 STARTED
[13:50:04] JOB go573 RUNNING
[13:50:04] JOB go572 RUNNING
[13:50:04] JOB go577 STARTED
[13:50:04] JOB go578 STARTED
[13:50:04] JOB go574 RUNNING
[13:50:04] JOB go579 STARTED
[13:50:04] JOB go575 RUNNING
[13:50:04] JOB go580 STARTED
[13:50:04] JOB go576 RUNNING
[13:50:04] JOB go581 STARTED
[13:50:04] JOB go577 RUNNING
[13:50:04] JOB go582 STARTED
[13:50:04] JOB go578 RUNNING
[13:50:04] JOB go583 STARTED
[13:50:04] JOB go579 RUNNING
[13:50:04] JOB go584 STARTED
[13:50:04] JOB go580 RUNNING
[13:50:04] JOB go585 STARTED
[13:50:04] JOB go581 RUNNING
[13:50:04] JOB go586 STARTED
[13:50:04] JOB go582 RUNNING
[13:50:04] JOB go587 STARTED
[13:50:04] JOB go583 RUNNING
[13:50:04] JOB go588 STARTED
[13:50:04] JOB go584 RUNNING
[13:50:04] JOB go589 STARTED
[13:50:04] JOB go585 RUNNING
[13:50:04] JOB go590 STARTED
[13:50:04] JOB go586 RUNNING
[13:50:04] JOB go587 RUNNING
[13:50:04] JOB go591 STARTED
[13:50:04] JOB go592 STARTED
[13:50:04] JOB go588 RUNNING
[13:50:04] JOB go593 STARTED
[13:50:04] JOB go589 RUNNING
[13:50:04] JOB go594 STARTED
[13:50:04] JOB go590 RUNNING
[13:50:04] JOB go595 STARTED
[13:50:04] JOB go591 RUNNING
[13:50:04] JOB go596 STARTED
[13:50:04] JOB go592 RUNNING
[13:50:04] JOB go597 STARTED
[13:50:04] JOB go593 RUNNING
[13:50:04] JOB go598 STARTED
[13:50:04] JOB go594 RUNNING
[13:50:04] JOB go599 STARTED
[13:50:04] JOB go595 RUNNING
[13:50:04] JOB go600 STARTED
[13:50:04] JOB go596 RUNNING
[13:50:04] JOB go601 STARTED
[13:50:04] JOB go597 RUNNING
[13:50:04] JOB go602 STARTED
[13:50:04] JOB go598 RUNNING
[13:50:04] JOB go603 STARTED
[13:50:04] JOB go599 RUNNING
[13:50:04] JOB go604 STARTED
[13:50:04] JOB go600 RUNNING
[13:50:04] JOB go605 STARTED
[13:50:04] JOB go601 RUNNING
[13:50:04] JOB go606 STARTED
[13:50:04] JOB go602 RUNNING
[13:50:04] JOB go607 STARTED
[13:50:04] JOB go603 RUNNING
[13:50:04] JOB go608 STARTED
[13:50:04] JOB go604 RUNNING
[13:50:04] JOB go609 STARTED
[13:50:04] JOB go605 RUNNING
[13:50:04] JOB go610 STARTED
[13:50:04] JOB go606 RUNNING
[13:50:04] JOB go611 STARTED
[13:50:04] JOB go607 RUNNING
[13:50:04] JOB go612 STARTED
[13:50:04] JOB go608 RUNNING
[13:50:04] JOB go613 STARTED
[13:50:04] JOB go609 RUNNING
[13:50:04] JOB go610 RUNNING
[13:50:04] JOB go614 STARTED
[13:50:04] JOB go611 RUNNING
[13:50:04] JOB go615 STARTED
[13:50:04] JOB go616 STARTED
[13:50:04] JOB go612 RUNNING
[13:50:04] JOB go617 STARTED
[13:50:04] JOB go613 RUNNING
[13:50:04] JOB go618 STARTED
[13:50:04] JOB go614 RUNNING
[13:50:04] JOB go619 STARTED
[13:50:04] JOB go615 RUNNING
[13:50:04] JOB go620 STARTED
[13:50:04] JOB go616 RUNNING
[13:50:04] JOB go621 STARTED
[13:50:04] JOB go617 RUNNING
[13:50:04] JOB go622 STARTED
[13:50:04] JOB go618 RUNNING
[13:50:04] JOB go619 RUNNING
[13:50:04] JOB go623 STARTED
[13:50:04] JOB go620 RUNNING
[13:50:04] JOB go624 STARTED
[13:50:04] JOB go625 STARTED
[13:50:04] JOB go621 RUNNING
[13:50:04] JOB go626 STARTED
[13:50:04] JOB go622 RUNNING
[13:50:04] JOB go627 STARTED
[13:50:04] JOB go623 RUNNING
[13:50:04] JOB go624 RUNNING
[13:50:04] JOB go628 STARTED
[13:50:04] JOB go625 RUNNING
[13:50:04] JOB go629 STARTED
[13:50:04] JOB go626 RUNNING
[13:50:04] JOB go630 STARTED
[13:50:04] JOB go631 STARTED
[13:50:04] JOB go627 RUNNING
[13:50:05] JOB go632 STARTED
[13:50:05] JOB go628 RUNNING
[13:50:05] JOB go633 STARTED
[13:50:05] JOB go629 RUNNING
[13:50:05] JOB go634 STARTED
[13:50:05] JOB go630 RUNNING
[13:50:05] JOB go635 STARTED
[13:50:05] JOB go631 RUNNING
[13:50:05] JOB go636 STARTED
[13:50:05] JOB go632 RUNNING
[13:50:05] JOB go637 STARTED
[13:50:05] JOB go633 RUNNING
[13:50:05] JOB go638 STARTED
[13:50:05] JOB go634 RUNNING
[13:50:05] JOB go639 STARTED
[13:50:05] JOB go635 RUNNING
[13:50:05] JOB go640 STARTED
[13:50:05] JOB go636 RUNNING
[13:50:05] JOB go641 STARTED
[13:50:05] JOB go637 RUNNING
[13:50:05] JOB go642 STARTED
[13:50:05] JOB go638 RUNNING
[13:50:05] JOB go643 STARTED
[13:50:05] JOB go639 RUNNING
[13:50:05] JOB go644 STARTED
[13:50:05] JOB go640 RUNNING
[13:50:05] JOB go645 STARTED
[13:50:05] JOB go641 RUNNING
[13:50:05] JOB go646 STARTED
[13:50:05] JOB go642 RUNNING
[13:50:05] JOB go647 STARTED
[13:50:05] JOB go643 RUNNING
[13:50:05] JOB go648 STARTED
[13:50:05] JOB go644 RUNNING
[13:50:05] JOB go649 STARTED
[13:50:05] JOB go645 RUNNING
[13:50:05] JOB go650 STARTED
[13:50:05] JOB go646 RUNNING
[13:50:05] JOB go651 STARTED
[13:50:05] JOB go647 RUNNING
[13:50:05] JOB go652 STARTED
[13:50:05] JOB go648 RUNNING
[13:50:05] JOB go653 STARTED
[13:50:05] JOB go649 RUNNING
[13:50:05] JOB go654 STARTED
[13:50:05] JOB go650 RUNNING
[13:50:05] JOB go655 STARTED
[13:50:05] JOB go651 RUNNING
[13:50:05] JOB go652 RUNNING
[13:50:05] JOB go656 STARTED
[13:50:05] JOB go653 RUNNING
[13:50:05] JOB go657 STARTED
[13:50:05] JOB go654 RUNNING
[13:50:05] JOB go655 RUNNING
[13:50:05] JOB go658 STARTED
[13:50:05] JOB go659 STARTED
[13:50:05] JOB go656 RUNNING
[13:50:05] JOB go660 STARTED
[13:50:05] JOB go661 STARTED
[13:50:05] JOB go657 RUNNING
[13:50:05] JOB go662 STARTED
[13:50:05] JOB go658 RUNNING
[13:50:05] JOB go663 STARTED
[13:50:05] JOB go659 RUNNING
[13:50:05] JOB go664 STARTED
[13:50:05] JOB go660 RUNNING
[13:50:05] JOB go665 STARTED
[13:50:05] JOB go661 RUNNING
[13:50:05] JOB go662 RUNNING
[13:50:05] JOB go666 STARTED
[13:50:05] JOB go663 RUNNING
[13:50:05] JOB go667 STARTED
[13:50:05] JOB go668 STARTED
[13:50:05] JOB go664 RUNNING
[13:50:05] JOB go669 STARTED
[13:50:05] JOB go665 RUNNING
[13:50:05] JOB go666 RUNNING
[13:50:05] JOB go670 STARTED
[13:50:05] JOB go667 RUNNING
[13:50:05] JOB go668 RUNNING
[13:50:05] JOB go669 RUNNING
[13:50:05] JOB go671 STARTED
[13:50:05] JOB go672 STARTED
[13:50:05] JOB go673 STARTED
[13:50:05] JOB go670 RUNNING
[13:50:05] JOB go674 STARTED
[13:50:05] JOB go675 STARTED
[13:50:05] JOB go671 RUNNING
[13:50:05] JOB go676 STARTED
[13:50:05] JOB go672 RUNNING
[13:50:05] JOB go677 STARTED
[13:50:05] JOB go673 RUNNING
[13:50:05] JOB go678 STARTED
[13:50:05] JOB go675 RUNNING
[13:50:05] JOB go674 RUNNING
[13:50:05] JOB go679 STARTED
[13:50:05] JOB go680 STARTED
[13:50:05] JOB go676 RUNNING
[13:50:05] JOB go681 STARTED
[13:50:05] JOB go677 RUNNING
[13:50:05] JOB go682 STARTED
[13:50:05] JOB go678 RUNNING
[13:50:05] JOB go683 STARTED
[13:50:05] JOB go679 RUNNING
[13:50:05] JOB go684 STARTED
[13:50:05] JOB go680 RUNNING
[13:50:05] JOB go681 RUNNING
[13:50:05] JOB go685 STARTED
[13:50:05] JOB go682 RUNNING
[13:50:05] JOB go686 STARTED
[13:50:05] JOB go687 STARTED
[13:50:05] JOB go683 RUNNING
[13:50:05] JOB go684 RUNNING
[13:50:05] JOB go688 STARTED
[13:50:05] JOB go685 RUNNING
[13:50:05] JOB go686 RUNNING
[13:50:05] JOB go689 STARTED
[13:50:05] JOB go687 RUNNING
[13:50:05] JOB go688 RUNNING
[13:50:05] JOB go690 STARTED
[13:50:05] JOB go689 RUNNING
[13:50:05] JOB go691 STARTED
[13:50:05] JOB go690 RUNNING
[13:50:05] JOB go692 STARTED
[13:50:05] JOB go691 RUNNING
[13:50:05] JOB go693 STARTED
[13:50:05] JOB go692 RUNNING
[13:50:05] JOB go694 STARTED
[13:50:05] JOB go695 STARTED
[13:50:05] JOB go693 RUNNING
[13:50:05] JOB go694 RUNNING
[13:50:06] JOB go696 STARTED
[13:50:06] JOB go695 RUNNING
[13:50:06] JOB go697 STARTED
[13:50:06] JOB go698 STARTED
[13:50:06] JOB go699 STARTED
[13:50:06] JOB go696 RUNNING
[13:50:06] JOB go697 RUNNING
[13:50:06] JOB go700 STARTED
[13:50:06] JOB go698 RUNNING
[13:50:06] JOB go699 RUNNING
[13:50:06] JOB go701 STARTED
[13:50:06] JOB go700 RUNNING
[13:50:06] JOB go702 STARTED
[13:50:06] JOB go701 RUNNING
[13:50:06] JOB go703 STARTED
[13:50:06] JOB go702 RUNNING
[13:50:06] JOB go704 STARTED
[13:50:06] JOB go703 RUNNING
[13:50:06] JOB go705 STARTED
[13:50:06] JOB go704 RUNNING
[13:50:06] JOB go706 STARTED
[13:50:06] JOB go705 RUNNING
[13:50:06] JOB go707 STARTED
[13:50:06] JOB go706 RUNNING
[13:50:06] JOB go708 STARTED
[13:50:06] JOB go707 RUNNING
[13:50:06] JOB go709 STARTED
[13:50:06] JOB go710 STARTED
[13:50:06] JOB go711 STARTED
[13:50:06] JOB go708 RUNNING
[13:50:06] JOB go709 RUNNING
[13:50:06] JOB go710 RUNNING
[13:50:06] JOB go712 STARTED
[13:50:06] JOB go711 RUNNING
[13:50:06] JOB go713 STARTED
[13:50:06] JOB go712 RUNNING
[13:50:06] JOB go714 STARTED
[13:50:06] JOB go713 RUNNING
[13:50:06] JOB go715 STARTED
[13:50:06] JOB go714 RUNNING
[13:50:06] JOB go716 STARTED
[13:50:06] JOB go715 RUNNING
[13:50:06] JOB go717 STARTED
[13:50:06] JOB go716 RUNNING
[13:50:06] JOB go718 STARTED
[13:50:06] JOB go717 RUNNING
[13:50:06] JOB go719 STARTED
[13:50:06] JOB go718 RUNNING
[13:50:06] JOB go720 STARTED
[13:50:06] JOB go719 RUNNING
[13:50:06] JOB go721 STARTED
[13:50:06] JOB go722 STARTED
[13:50:06] JOB go720 RUNNING
[13:50:06] JOB go721 RUNNING
[13:50:06] JOB go723 STARTED
[13:50:06] JOB go722 RUNNING
[13:50:06] JOB go724 STARTED
[13:50:06] JOB go725 STARTED
[13:50:06] JOB go726 STARTED
[13:50:06] JOB go723 RUNNING
[13:50:06] JOB go727 STARTED
[13:50:06] JOB go725 RUNNING
[13:50:06] JOB go728 STARTED
[13:50:06] JOB go724 RUNNING
[13:50:06] JOB go726 RUNNING
[13:50:06] JOB go727 RUNNING
[13:50:06] JOB go728 RUNNING
[13:50:06] Waiting for job go2 to finish
[13:50:07] JOB go8 FINISHED
[13:50:08] JOB go8 SUCCESSFUL
[13:50:11] JOB go3 FINISHED
[13:50:11] JOB go3 SUCCESSFUL
[13:50:15] JOB go12 FINISHED
[13:50:15] JOB go12 SUCCESSFUL
[13:50:20] JOB go5 FINISHED
[13:50:20] JOB go5 SUCCESSFUL
[13:50:24] JOB go14 FINISHED
[13:50:24] JOB go14 SUCCESSFUL
[13:50:32] JOB go9 FINISHED
[13:50:33] JOB go9 SUCCESSFUL
[13:50:36] JOB go15 FINISHED
[13:50:36] JOB go15 SUCCESSFUL
[13:50:40] JOB go16 FINISHED
[13:50:40] JOB go16 SUCCESSFUL
[13:50:44] JOB go4 FINISHED
[13:50:44] JOB go4 SUCCESSFUL
[13:50:47] JOB go11 FINISHED
[13:50:47] JOB go11 SUCCESSFUL
[13:50:51] JOB go6 FINISHED
[13:50:51] JOB go6 SUCCESSFUL
[13:50:55] JOB go20 FINISHED
[13:50:55] JOB go20 SUCCESSFUL
[13:50:59] JOB go7 FINISHED
[13:50:59] JOB go7 SUCCESSFUL
[13:51:03] JOB go22 FINISHED
[13:51:03] JOB go22 SUCCESSFUL
[13:51:07] JOB go10 FINISHED
[13:51:07] JOB go10 SUCCESSFUL
[13:51:11] JOB go24 FINISHED
[13:51:11] JOB go24 SUCCESSFUL
[13:51:15] JOB go19 FINISHED
[13:51:15] JOB go19 SUCCESSFUL
[13:51:18] JOB go18 FINISHED
[13:51:18] JOB go18 SUCCESSFUL
[13:51:23] JOB go27 FINISHED
[13:51:23] JOB go27 SUCCESSFUL
[13:51:26] JOB go28 FINISHED
[13:51:27] JOB go28 SUCCESSFUL
[13:51:31] JOB go2 FINISHED
[13:51:31] JOB go2 SUCCESSFUL
[13:51:31] Waiting for job go13 to finish
[13:51:34] JOB go30 FINISHED
[13:51:35] JOB go30 SUCCESSFUL
[13:51:38] JOB go31 FINISHED
[13:51:39] JOB go31 SUCCESSFUL
[13:51:43] JOB go32 FINISHED
[13:51:43] JOB go32 SUCCESSFUL
[13:51:46] JOB go26 FINISHED
[13:51:47] JOB go26 SUCCESSFUL
[13:51:51] JOB go34 FINISHED
[13:51:51] JOB go34 SUCCESSFUL
[13:51:54] JOB go35 FINISHED
[13:51:55] JOB go35 SUCCESSFUL
[13:51:59] JOB go29 FINISHED
[13:51:59] JOB go29 SUCCESSFUL
[13:52:02] JOB go37 FINISHED
[13:52:02] JOB go37 SUCCESSFUL
[13:52:06] JOB go38 FINISHED
[13:52:06] JOB go38 SUCCESSFUL
[13:52:11] JOB go39 FINISHED
[13:52:11] JOB go39 SUCCESSFUL
[13:52:15] JOB go40 FINISHED
[13:52:15] JOB go40 SUCCESSFUL
[13:52:18] JOB go13 FINISHED
[13:52:18] JOB go13 SUCCESSFUL
[13:52:19] Waiting for job go17 to finish
[13:52:23] JOB go21 FINISHED
[13:52:23] JOB go21 SUCCESSFUL
[13:52:27] JOB go43 FINISHED
[13:52:27] JOB go43 SUCCESSFUL
[13:52:35] JOB go23 FINISHED
[13:52:35] JOB go23 SUCCESSFUL
[13:52:39] JOB go45 FINISHED
[13:52:39] JOB go45 SUCCESSFUL
[13:52:42] JOB go25 FINISHED
[13:52:42] JOB go25 SUCCESSFUL
[13:52:46] JOB go47 FINISHED
[13:52:46] JOB go47 SUCCESSFUL
[13:52:50] JOB go41 FINISHED
[13:52:50] JOB go41 SUCCESSFUL
[13:52:54] JOB go42 FINISHED
[13:52:54] JOB go42 SUCCESSFUL
[13:52:58] JOB go50 FINISHED
[13:52:58] JOB go50 SUCCESSFUL
[13:53:02] JOB go44 FINISHED
[13:53:02] JOB go44 SUCCESSFUL
[13:53:06] JOB go52 FINISHED
[13:53:06] JOB go52 SUCCESSFUL
[13:53:09] JOB go46 FINISHED
[13:53:09] JOB go46 SUCCESSFUL
[13:53:13] JOB go54 FINISHED
[13:53:13] JOB go54 SUCCESSFUL
[13:53:18] JOB go48 FINISHED
[13:53:18] JOB go48 SUCCESSFUL
[13:53:21] JOB go49 FINISHED
[13:53:21] JOB go49 SUCCESSFUL
[13:53:25] JOB go57 FINISHED
[13:53:25] JOB go57 SUCCESSFUL
[13:53:28] JOB go58 FINISHED
[13:53:29] JOB go58 SUCCESSFUL
[13:53:33] JOB go17 FINISHED
[13:53:33] JOB go17 SUCCESSFUL
[13:53:33] Waiting for job go33 to finish
[13:53:37] JOB go53 FINISHED
[13:53:38] JOB go53 SUCCESSFUL
[13:53:46] JOB go33 FINISHED
[13:53:46] JOB go33 SUCCESSFUL
[13:53:46] Waiting for job go36 to finish
[13:53:50] JOB go62 FINISHED
[13:53:50] JOB go62 SUCCESSFUL
[13:53:55] JOB go56 FINISHED
[13:53:55] JOB go56 SUCCESSFUL
[13:53:58] JOB go36 FINISHED
[13:53:58] JOB go36 SUCCESSFUL
[13:53:59] Waiting for job go51 to finish
[13:54:02] JOB go65 FINISHED
[13:54:02] JOB go65 SUCCESSFUL
[13:54:06] JOB go59 FINISHED
[13:54:06] JOB go59 SUCCESSFUL
[13:54:15] JOB go67 FINISHED
[13:54:15] JOB go67 SUCCESSFUL
[13:54:18] JOB go61 FINISHED
[13:54:19] JOB go61 SUCCESSFUL
[13:54:23] JOB go69 FINISHED
[13:54:23] JOB go69 SUCCESSFUL
[13:54:27] JOB go63 FINISHED
[13:54:27] JOB go63 SUCCESSFUL
[13:54:31] JOB go64 FINISHED
[13:54:31] JOB go64 SUCCESSFUL
[13:54:35] JOB go51 FINISHED
[13:54:35] JOB go51 SUCCESSFUL
[13:54:35] Waiting for job go55 to finish
[13:54:39] JOB go66 FINISHED
[13:54:39] JOB go66 SUCCESSFUL
[13:54:43] JOB go73 FINISHED
[13:54:43] JOB go73 SUCCESSFUL
[13:54:46] JOB go68 FINISHED
[13:54:46] JOB go68 SUCCESSFUL
[13:54:50] JOB go55 FINISHED
[13:54:50] JOB go55 SUCCESSFUL
[13:54:50] Waiting for job go60 to finish
[13:54:54] JOB go77 FINISHED
[13:54:54] JOB go77 SUCCESSFUL
[13:54:58] JOB go78 FINISHED
[13:54:58] JOB go78 SUCCESSFUL
[13:55:02] JOB go72 FINISHED
[13:55:02] JOB go72 SUCCESSFUL
[13:55:05] JOB go74 FINISHED
[13:55:05] JOB go74 SUCCESSFUL
[13:55:09] JOB go81 FINISHED
[13:55:09] JOB go81 SUCCESSFUL
[13:55:13] JOB go82 FINISHED
[13:55:13] JOB go82 SUCCESSFUL
[13:55:17] JOB go83 FINISHED
[13:55:17] JOB go83 SUCCESSFUL
[13:55:22] JOB go70 FINISHED
[13:55:22] JOB go70 SUCCESSFUL
[13:55:25] JOB go71 FINISHED
[13:55:26] JOB go71 SUCCESSFUL
[13:55:34] JOB go86 FINISHED
[13:55:34] JOB go86 SUCCESSFUL
[13:55:39] JOB go80 FINISHED
[13:55:39] JOB go80 SUCCESSFUL
[13:55:44] JOB go88 FINISHED
[13:55:44] JOB go88 SUCCESSFUL
[13:55:48] JOB go75 FINISHED
[13:55:48] JOB go75 SUCCESSFUL
[13:55:51] JOB go90 FINISHED
[13:55:51] JOB go90 SUCCESSFUL
[13:55:55] JOB go91 FINISHED
[13:55:55] JOB go91 SUCCESSFUL
[13:55:59] JOB go92 FINISHED
[13:55:59] JOB go92 SUCCESSFUL
[13:56:02] JOB go79 FINISHED
[13:56:02] JOB go79 SUCCESSFUL
[13:56:06] JOB go94 FINISHED
[13:56:06] JOB go94 SUCCESSFUL
[13:56:10] JOB go60 FINISHED
[13:56:10] JOB go60 SUCCESSFUL
[13:56:10] Waiting for job go76 to finish
[13:56:14] JOB go96 FINISHED
[13:56:14] JOB go96 SUCCESSFUL
[13:56:17] JOB go76 FINISHED
[13:56:17] JOB go76 SUCCESSFUL
[13:56:18] Waiting for job go84 to finish
[13:56:22] JOB go98 FINISHED
[13:56:22] JOB go98 SUCCESSFUL
[13:56:26] JOB go99 FINISHED
[13:56:26] JOB go99 SUCCESSFUL
[13:56:29] JOB go100 FINISHED
[13:56:29] JOB go100 SUCCESSFUL
[13:56:33] JOB go87 FINISHED
[13:56:33] JOB go87 SUCCESSFUL
[13:56:37] JOB go95 FINISHED
[13:56:37] JOB go95 SUCCESSFUL
[13:56:41] JOB go103 FINISHED
[13:56:41] JOB go103 SUCCESSFUL
[13:56:45] JOB go104 FINISHED
[13:56:45] JOB go104 SUCCESSFUL
[13:56:48] JOB go105 FINISHED
[13:56:48] JOB go105 SUCCESSFUL
[13:56:52] JOB go106 FINISHED
[13:56:52] JOB go106 SUCCESSFUL
[13:56:55] JOB go93 FINISHED
[13:56:56] JOB go93 SUCCESSFUL
[13:56:59] JOB go101 FINISHED
[13:56:59] JOB go101 SUCCESSFUL
[13:57:03] JOB go102 FINISHED
[13:57:03] JOB go102 SUCCESSFUL
[13:57:07] JOB go110 FINISHED
[13:57:07] JOB go110 SUCCESSFUL
[13:57:10] JOB go111 FINISHED
[13:57:10] JOB go111 SUCCESSFUL
[13:57:14] JOB go112 FINISHED
[13:57:14] JOB go112 SUCCESSFUL
[13:57:19] JOB go113 FINISHED
[13:57:19] JOB go113 SUCCESSFUL
[13:57:23] JOB go114 FINISHED
[13:57:23] JOB go114 SUCCESSFUL
[13:57:27] JOB go108 FINISHED
[13:57:27] JOB go108 SUCCESSFUL
[13:57:31] JOB go109 FINISHED
[13:57:31] JOB go109 SUCCESSFUL
[13:57:35] JOB go89 FINISHED
[13:57:35] JOB go89 SUCCESSFUL
[13:57:40] JOB go97 FINISHED
[13:57:40] JOB go97 SUCCESSFUL
[13:57:43] JOB go118 FINISHED
[13:57:43] JOB go118 SUCCESSFUL
[13:57:48] JOB go121 FINISHED
[13:57:48] JOB go121 SUCCESSFUL
[13:57:52] JOB go120 FINISHED
[13:57:52] JOB go120 SUCCESSFUL
[13:57:57] JOB go115 FINISHED
[13:57:57] JOB go115 SUCCESSFUL
[13:58:00] JOB go123 FINISHED
[13:58:00] JOB go123 SUCCESSFUL
[13:58:04] JOB go117 FINISHED
[13:58:04] JOB go117 SUCCESSFUL
[13:58:08] JOB go125 FINISHED
[13:58:08] JOB go125 SUCCESSFUL
[13:58:12] JOB go84 FINISHED
[13:58:12] JOB go84 SUCCESSFUL
[13:58:12] Waiting for job go85 to finish
[13:58:15] JOB go85 FINISHED
[13:58:15] JOB go85 SUCCESSFUL
[13:58:16] Waiting for job go107 to finish
[13:58:19] JOB go128 FINISHED
[13:58:19] JOB go128 SUCCESSFUL
[13:58:23] JOB go130 FINISHED
[13:58:23] JOB go130 SUCCESSFUL
[13:58:27] JOB go116 FINISHED
[13:58:28] JOB go116 SUCCESSFUL
[13:58:31] JOB go124 FINISHED
[13:58:31] JOB go124 SUCCESSFUL
[13:58:35] JOB go119 FINISHED
[13:58:35] JOB go119 SUCCESSFUL
[13:58:39] JOB go133 FINISHED
[13:58:39] JOB go133 SUCCESSFUL
[13:58:43] JOB go134 FINISHED
[13:58:43] JOB go134 SUCCESSFUL
[13:58:47] JOB go107 FINISHED
[13:58:47] JOB go107 SUCCESSFUL
[13:58:47] Waiting for job go122 to finish
[13:58:51] JOB go122 FINISHED
[13:58:51] JOB go122 SUCCESSFUL
[13:58:51] Waiting for job go126 to finish
[13:58:54] JOB go129 FINISHED
[13:58:54] JOB go129 SUCCESSFUL
[13:58:58] JOB go138 FINISHED
[13:58:58] JOB go138 SUCCESSFUL
[13:59:03] JOB go139 FINISHED
[13:59:03] JOB go139 SUCCESSFUL
[13:59:06] JOB go126 FINISHED
[13:59:06] JOB go126 SUCCESSFUL
[13:59:06] Waiting for job go127 to finish
[13:59:10] JOB go141 FINISHED
[13:59:10] JOB go141 SUCCESSFUL
[13:59:19] JOB go142 FINISHED
[13:59:19] JOB go142 SUCCESSFUL
[13:59:23] JOB go136 FINISHED
[13:59:23] JOB go136 SUCCESSFUL
[13:59:26] JOB go137 FINISHED
[13:59:26] JOB go137 SUCCESSFUL
[13:59:30] JOB go145 FINISHED
[13:59:30] JOB go145 SUCCESSFUL
[13:59:34] JOB go132 FINISHED
[13:59:34] JOB go132 SUCCESSFUL
[13:59:43] JOB go147 FINISHED
[13:59:43] JOB go147 SUCCESSFUL
[13:59:47] JOB go148 FINISHED
[13:59:47] JOB go148 SUCCESSFUL
[13:59:51] JOB go135 FINISHED
[13:59:51] JOB go135 SUCCESSFUL
[13:59:54] JOB go150 FINISHED
[13:59:55] JOB go150 SUCCESSFUL
[13:59:58] JOB go144 FINISHED
[13:59:58] JOB go144 SUCCESSFUL
[14:00:03] JOB go152 FINISHED
[14:00:03] JOB go152 SUCCESSFUL
[14:00:07] JOB go153 FINISHED
[14:00:07] JOB go153 SUCCESSFUL
[14:00:10] JOB go131 FINISHED
[14:00:10] JOB go131 SUCCESSFUL
[14:00:14] JOB go154 FINISHED
[14:00:14] JOB go154 SUCCESSFUL
[14:00:18] JOB go156 FINISHED
[14:00:18] JOB go156 SUCCESSFUL
[14:00:22] JOB go157 FINISHED
[14:00:22] JOB go157 SUCCESSFUL
[14:00:26] JOB go151 FINISHED
[14:00:26] JOB go151 SUCCESSFUL
[14:00:29] JOB go159 FINISHED
[14:00:29] JOB go159 SUCCESSFUL
[14:00:33] JOB go160 FINISHED
[14:00:33] JOB go160 SUCCESSFUL
[14:00:37] JOB go155 FINISHED
[14:00:37] JOB go155 SUCCESSFUL
[14:00:41] JOB go127 FINISHED
[14:00:41] JOB go127 SUCCESSFUL
[14:00:41] Waiting for job go140 to finish
[14:00:45] JOB go163 FINISHED
[14:00:45] JOB go163 SUCCESSFUL
[14:00:48] JOB go164 FINISHED
[14:00:48] JOB go164 SUCCESSFUL
[14:00:52] JOB go165 FINISHED
[14:00:52] JOB go165 SUCCESSFUL
[14:00:56] JOB go140 FINISHED
[14:00:56] JOB go140 SUCCESSFUL
[14:00:56] Waiting for job go143 to finish
[14:01:04] JOB go146 FINISHED
[14:01:04] JOB go146 SUCCESSFUL
[14:01:08] JOB go161 FINISHED
[14:01:08] JOB go161 SUCCESSFUL
[14:01:12] JOB go169 FINISHED
[14:01:12] JOB go169 SUCCESSFUL
[14:01:16] JOB go149 FINISHED
[14:01:16] JOB go149 SUCCESSFUL
[14:01:19] JOB go171 FINISHED
[14:01:19] JOB go171 SUCCESSFUL
[14:01:24] JOB go172 FINISHED
[14:01:24] JOB go172 SUCCESSFUL
[14:01:27] JOB go166 FINISHED
[14:01:27] JOB go166 SUCCESSFUL
[14:01:32] JOB go167 FINISHED
[14:01:32] JOB go167 SUCCESSFUL
[14:01:36] JOB go175 FINISHED
[14:01:36] JOB go175 SUCCESSFUL
[14:01:40] JOB go162 FINISHED
[14:01:40] JOB go162 SUCCESSFUL
[14:01:43] JOB go170 FINISHED
[14:01:43] JOB go170 SUCCESSFUL
[14:01:47] JOB go178 FINISHED
[14:01:47] JOB go178 SUCCESSFUL
[14:01:51] JOB go158 FINISHED
[14:01:51] JOB go158 SUCCESSFUL
[14:01:56] JOB go173 FINISHED
[14:01:56] JOB go173 SUCCESSFUL
[14:01:59] JOB go174 FINISHED
[14:01:59] JOB go174 SUCCESSFUL
[14:02:04] JOB go182 FINISHED
[14:02:04] JOB go182 SUCCESSFUL
[14:02:09] JOB go183 FINISHED
[14:02:09] JOB go183 SUCCESSFUL
[14:02:12] JOB go184 FINISHED
[14:02:13] JOB go184 SUCCESSFUL
[14:02:16] JOB go185 FINISHED
[14:02:16] JOB go185 SUCCESSFUL
[14:02:20] JOB go187 FINISHED
[14:02:20] JOB go187 SUCCESSFUL
[14:02:24] JOB go186 FINISHED
[14:02:24] JOB go186 SUCCESSFUL
[14:02:28] JOB go181 FINISHED
[14:02:28] JOB go181 SUCCESSFUL
[14:02:32] JOB go189 FINISHED
[14:02:32] JOB go189 SUCCESSFUL
[14:02:41] JOB go176 FINISHED
[14:02:41] JOB go176 SUCCESSFUL
[14:02:45] JOB go191 FINISHED
[14:02:45] JOB go191 SUCCESSFUL
[14:02:49] JOB go192 FINISHED
[14:02:49] JOB go192 SUCCESSFUL
[14:02:53] JOB go193 FINISHED
[14:02:53] JOB go193 SUCCESSFUL
[14:02:57] JOB go194 FINISHED
[14:02:57] JOB go194 SUCCESSFUL
[14:03:01] JOB go195 FINISHED
[14:03:01] JOB go195 SUCCESSFUL
[14:03:05] JOB go168 FINISHED
[14:03:05] JOB go168 SUCCESSFUL
[14:03:09] JOB go190 FINISHED
[14:03:09] JOB go190 SUCCESSFUL
[14:03:12] JOB go177 FINISHED
[14:03:12] JOB go177 SUCCESSFUL
[14:03:16] JOB go143 FINISHED
[14:03:16] JOB go143 SUCCESSFUL
[14:03:17] Waiting for job go179 to finish
[14:03:20] JOB go179 FINISHED
[14:03:20] JOB go179 SUCCESSFUL
[14:03:20] Waiting for job go180 to finish
[14:03:24] JOB go201 FINISHED
[14:03:24] JOB go201 SUCCESSFUL
[14:03:27] JOB go188 FINISHED
[14:03:28] JOB go188 SUCCESSFUL
[14:03:32] JOB go203 FINISHED
[14:03:32] JOB go203 SUCCESSFUL
[14:03:36] JOB go197 FINISHED
[14:03:36] JOB go197 SUCCESSFUL
[14:03:39] JOB go205 FINISHED
[14:03:39] JOB go205 SUCCESSFUL
[14:03:43] JOB go198 FINISHED
[14:03:43] JOB go198 SUCCESSFUL
[14:03:47] JOB go200 FINISHED
[14:03:47] JOB go200 SUCCESSFUL
[14:03:51] JOB go208 FINISHED
[14:03:51] JOB go208 SUCCESSFUL
[14:03:55] JOB go209 FINISHED
[14:03:55] JOB go209 SUCCESSFUL
[14:03:59] JOB go210 FINISHED
[14:03:59] JOB go210 SUCCESSFUL
[14:04:03] JOB go204 FINISHED
[14:04:03] JOB go204 SUCCESSFUL
[14:04:07] JOB go212 FINISHED
[14:04:07] JOB go212 SUCCESSFUL
[14:04:11] JOB go213 FINISHED
[14:04:11] JOB go213 SUCCESSFUL
[14:04:14] JOB go206 FINISHED
[14:04:14] JOB go206 SUCCESSFUL
[14:04:19] JOB go215 FINISHED
[14:04:19] JOB go215 SUCCESSFUL
[14:04:22] JOB go216 FINISHED
[14:04:22] JOB go216 SUCCESSFUL
[14:04:26] JOB go217 FINISHED
[14:04:26] JOB go217 SUCCESSFUL
[14:04:30] JOB go218 FINISHED
[14:04:30] JOB go218 SUCCESSFUL
[14:04:34] JOB go219 FINISHED
[14:04:34] JOB go219 SUCCESSFUL
[14:04:38] JOB go220 FINISHED
[14:04:38] JOB go220 SUCCESSFUL
[14:04:42] JOB go221 FINISHED
[14:04:42] JOB go221 SUCCESSFUL
[14:04:46] JOB go223 FINISHED
[14:04:46] JOB go223 SUCCESSFUL
[14:04:50] JOB go202 FINISHED
[14:04:50] JOB go202 SUCCESSFUL
[14:04:54] JOB go199 FINISHED
[14:04:54] JOB go199 SUCCESSFUL
[14:04:58] JOB go211 FINISHED
[14:04:58] JOB go211 SUCCESSFUL
[14:05:01] JOB go196 FINISHED
[14:05:02] JOB go196 SUCCESSFUL
[14:05:05] JOB go227 FINISHED
[14:05:05] JOB go227 SUCCESSFUL
[14:05:09] JOB go228 FINISHED
[14:05:09] JOB go228 SUCCESSFUL
[14:05:13] JOB go229 FINISHED
[14:05:13] JOB go229 SUCCESSFUL
[14:05:17] JOB go230 FINISHED
[14:05:17] JOB go230 SUCCESSFUL
[14:05:21] JOB go224 FINISHED
[14:05:21] JOB go224 SUCCESSFUL
[14:05:25] JOB go232 FINISHED
[14:05:25] JOB go232 SUCCESSFUL
[14:05:28] JOB go233 FINISHED
[14:05:28] JOB go233 SUCCESSFUL
[14:05:33] JOB go207 FINISHED
[14:05:33] JOB go207 SUCCESSFUL
[14:05:36] JOB go214 FINISHED
[14:05:36] JOB go214 SUCCESSFUL
[14:05:40] JOB go180 FINISHED
[14:05:40] JOB go180 SUCCESSFUL
[14:05:41] Waiting for job go222 to finish
[14:05:43] JOB go222 FINISHED
[14:05:43] JOB go222 SUCCESSFUL
[14:05:43] Waiting for job go225 to finish
[14:05:47] JOB go239 FINISHED
[14:05:47] JOB go239 SUCCESSFUL
[14:05:51] JOB go237 FINISHED
[14:05:51] JOB go237 SUCCESSFUL
[14:05:55] JOB go240 FINISHED
[14:05:55] JOB go240 SUCCESSFUL
[14:05:59] JOB go241 FINISHED
[14:05:59] JOB go241 SUCCESSFUL
[14:06:03] JOB go234 FINISHED
[14:06:03] JOB go234 SUCCESSFUL
[14:06:08] JOB go243 FINISHED
[14:06:08] JOB go243 SUCCESSFUL
[14:06:12] JOB go244 FINISHED
[14:06:12] JOB go244 SUCCESSFUL
[14:06:16] JOB go245 FINISHED
[14:06:16] JOB go245 SUCCESSFUL
[14:06:20] JOB go225 FINISHED
[14:06:20] JOB go225 SUCCESSFUL
[14:06:20] Waiting for job go226 to finish
[14:06:23] JOB go226 FINISHED
[14:06:24] JOB go226 SUCCESSFUL
[14:06:24] Waiting for job go231 to finish
[14:06:28] JOB go235 FINISHED
[14:06:28] JOB go235 SUCCESSFUL
[14:06:32] JOB go249 FINISHED
[14:06:32] JOB go249 SUCCESSFUL
[14:06:36] JOB go250 FINISHED
[14:06:36] JOB go250 SUCCESSFUL
[14:06:40] JOB go238 FINISHED
[14:06:40] JOB go238 SUCCESSFUL
[14:06:44] JOB go231 FINISHED
[14:06:44] JOB go231 SUCCESSFUL
[14:06:44] Waiting for job go236 to finish
[14:06:48] JOB go253 FINISHED
[14:06:48] JOB go253 SUCCESSFUL
[14:06:53] JOB go247 FINISHED
[14:06:53] JOB go247 SUCCESSFUL
[14:06:56] JOB go248 FINISHED
[14:06:56] JOB go248 SUCCESSFUL
[14:07:01] JOB go242 FINISHED
[14:07:01] JOB go242 SUCCESSFUL
[14:07:05] JOB go255 FINISHED
[14:07:05] JOB go255 SUCCESSFUL
[14:07:09] JOB go258 FINISHED
[14:07:09] JOB go258 SUCCESSFUL
[14:07:14] JOB go259 FINISHED
[14:07:14] JOB go259 SUCCESSFUL
[14:07:18] JOB go260 FINISHED
[14:07:18] JOB go260 SUCCESSFUL
[14:07:22] JOB go261 FINISHED
[14:07:22] JOB go261 SUCCESSFUL
[14:07:25] JOB go256 FINISHED
[14:07:25] JOB go256 SUCCESSFUL
[14:07:29] JOB go257 FINISHED
[14:07:29] JOB go257 SUCCESSFUL
[14:07:33] JOB go252 FINISHED
[14:07:33] JOB go252 SUCCESSFUL
[14:07:37] JOB go251 FINISHED
[14:07:37] JOB go251 SUCCESSFUL
[14:07:40] JOB go267 FINISHED
[14:07:40] JOB go267 SUCCESSFUL
[14:07:44] JOB go266 FINISHED
[14:07:44] JOB go266 SUCCESSFUL
[14:07:48] JOB go254 FINISHED
[14:07:48] JOB go254 SUCCESSFUL
[14:07:52] JOB go269 FINISHED
[14:07:52] JOB go269 SUCCESSFUL
[14:07:56] JOB go263 FINISHED
[14:07:56] JOB go263 SUCCESSFUL
[14:08:00] JOB go264 FINISHED
[14:08:00] JOB go264 SUCCESSFUL
[14:08:03] JOB go265 FINISHED
[14:08:04] JOB go265 SUCCESSFUL
[14:08:08] JOB go236 FINISHED
[14:08:08] JOB go236 SUCCESSFUL
[14:08:08] Waiting for job go246 to finish
[14:08:12] JOB go274 FINISHED
[14:08:12] JOB go274 SUCCESSFUL
[14:08:16] JOB go275 FINISHED
[14:08:16] JOB go275 SUCCESSFUL
[14:08:20] JOB go262 FINISHED
[14:08:20] JOB go262 SUCCESSFUL
[14:08:29] JOB go276 FINISHED
[14:08:29] JOB go276 SUCCESSFUL
[14:08:40] JOB go271 FINISHED
[14:08:40] JOB go271 SUCCESSFUL
[14:08:44] JOB go279 FINISHED
[14:08:44] JOB go279 SUCCESSFUL
[14:08:47] JOB go280 FINISHED
[14:08:48] JOB go280 SUCCESSFUL
[14:08:51] JOB go281 FINISHED
[14:08:51] JOB go281 SUCCESSFUL
[14:08:55] JOB go282 FINISHED
[14:08:55] JOB go282 SUCCESSFUL
[14:08:59] JOB go283 FINISHED
[14:09:00] JOB go283 SUCCESSFUL
[14:09:03] JOB go268 FINISHED
[14:09:03] JOB go268 SUCCESSFUL
[14:09:07] JOB go278 FINISHED
[14:09:07] JOB go278 SUCCESSFUL
[14:09:11] JOB go286 FINISHED
[14:09:11] JOB go286 SUCCESSFUL
[14:09:15] JOB go273 FINISHED
[14:09:15] JOB go273 SUCCESSFUL
[14:09:19] JOB go288 FINISHED
[14:09:19] JOB go288 SUCCESSFUL
[14:09:22] JOB go270 FINISHED
[14:09:22] JOB go270 SUCCESSFUL
[14:09:26] JOB go277 FINISHED
[14:09:26] JOB go277 SUCCESSFUL
[14:09:30] JOB go284 FINISHED
[14:09:30] JOB go284 SUCCESSFUL
[14:09:34] JOB go292 FINISHED
[14:09:34] JOB go292 SUCCESSFUL
[14:09:38] JOB go272 FINISHED
[14:09:38] JOB go272 SUCCESSFUL
[14:09:42] JOB go289 FINISHED
[14:09:42] JOB go289 SUCCESSFUL
[14:09:46] JOB go246 FINISHED
[14:09:46] JOB go246 SUCCESSFUL
[14:09:46] Waiting for job go285 to finish
[14:09:50] JOB go296 FINISHED
[14:09:50] JOB go296 SUCCESSFUL
[14:09:53] JOB go290 FINISHED
[14:09:53] JOB go290 SUCCESSFUL
[14:09:58] JOB go298 FINISHED
[14:09:58] JOB go298 SUCCESSFUL
[14:10:01] JOB go299 FINISHED
[14:10:01] JOB go299 SUCCESSFUL
[14:10:05] JOB go293 FINISHED
[14:10:05] JOB go293 SUCCESSFUL
[14:10:09] JOB go287 FINISHED
[14:10:09] JOB go287 SUCCESSFUL
[14:10:13] JOB go295 FINISHED
[14:10:13] JOB go295 SUCCESSFUL
[14:10:17] JOB go294 FINISHED
[14:10:17] JOB go294 SUCCESSFUL
[14:10:21] JOB go297 FINISHED
[14:10:21] JOB go297 SUCCESSFUL
[14:10:24] JOB go305 FINISHED
[14:10:24] JOB go305 SUCCESSFUL
[14:10:28] JOB go285 FINISHED
[14:10:28] JOB go285 SUCCESSFUL
[14:10:28] Waiting for job go291 to finish
[14:10:31] JOB go300 FINISHED
[14:10:31] JOB go300 SUCCESSFUL
[14:10:35] JOB go301 FINISHED
[14:10:35] JOB go301 SUCCESSFUL
[14:10:39] JOB go309 FINISHED
[14:10:39] JOB go309 SUCCESSFUL
[14:10:42] JOB go310 FINISHED
[14:10:42] JOB go310 SUCCESSFUL
[14:10:46] JOB go311 FINISHED
[14:10:46] JOB go311 SUCCESSFUL
[14:10:50] JOB go291 FINISHED
[14:10:50] JOB go291 SUCCESSFUL
[14:10:50] Waiting for job go302 to finish
[14:10:54] JOB go313 FINISHED
[14:10:54] JOB go313 SUCCESSFUL
[14:10:58] JOB go307 FINISHED
[14:10:58] JOB go307 SUCCESSFUL
[14:11:02] JOB go315 FINISHED
[14:11:02] JOB go315 SUCCESSFUL
[14:11:05] JOB go316 FINISHED
[14:11:06] JOB go316 SUCCESSFUL
[14:11:09] JOB go317 FINISHED
[14:11:09] JOB go317 SUCCESSFUL
[14:11:13] JOB go318 FINISHED
[14:11:13] JOB go318 SUCCESSFUL
[14:11:16] JOB go312 FINISHED
[14:11:17] JOB go312 SUCCESSFUL
[14:11:21] JOB go306 FINISHED
[14:11:21] JOB go306 SUCCESSFUL
[14:11:25] JOB go314 FINISHED
[14:11:25] JOB go314 SUCCESSFUL
[14:11:29] JOB go308 FINISHED
[14:11:29] JOB go308 SUCCESSFUL
[14:11:34] JOB go302 FINISHED
[14:11:34] JOB go302 SUCCESSFUL
[14:11:34] Waiting for job go303 to finish
[14:11:37] JOB go303 FINISHED
[14:11:37] JOB go303 SUCCESSFUL
[14:11:38] Waiting for job go304 to finish
[14:11:41] JOB go304 FINISHED
[14:11:41] JOB go304 SUCCESSFUL
[14:11:41] Waiting for job go319 to finish
[14:11:45] JOB go328 FINISHED
[14:11:45] JOB go328 SUCCESSFUL
[14:11:49] JOB go327 FINISHED
[14:11:49] JOB go327 SUCCESSFUL
[14:11:53] JOB go319 FINISHED
[14:11:53] JOB go319 SUCCESSFUL
[14:11:53] Waiting for job go320 to finish
[14:11:57] JOB go329 FINISHED
[14:11:57] JOB go329 SUCCESSFUL
[14:12:01] JOB go323 FINISHED
[14:12:01] JOB go323 SUCCESSFUL
[14:12:04] JOB go324 FINISHED
[14:12:05] JOB go324 SUCCESSFUL
[14:12:08] JOB go332 FINISHED
[14:12:08] JOB go332 SUCCESSFUL
[14:12:14] JOB go326 FINISHED
[14:12:14] JOB go326 SUCCESSFUL
[14:12:19] JOB go320 FINISHED
[14:12:19] JOB go320 SUCCESSFUL
[14:12:19] Waiting for job go321 to finish
[14:12:23] JOB go321 FINISHED
[14:12:23] JOB go321 SUCCESSFUL
[14:12:23] Waiting for job go322 to finish
[14:12:27] JOB go336 FINISHED
[14:12:27] JOB go336 SUCCESSFUL
[14:12:30] JOB go330 FINISHED
[14:12:31] JOB go330 SUCCESSFUL
[14:12:34] JOB go338 FINISHED
[14:12:34] JOB go338 SUCCESSFUL
[14:12:38] JOB go339 FINISHED
[14:12:38] JOB go339 SUCCESSFUL
[14:12:42] JOB go340 FINISHED
[14:12:42] JOB go340 SUCCESSFUL
[14:12:46] JOB go334 FINISHED
[14:12:46] JOB go334 SUCCESSFUL
[14:12:50] JOB go342 FINISHED
[14:12:50] JOB go342 SUCCESSFUL
[14:12:54] JOB go322 FINISHED
[14:12:54] JOB go322 SUCCESSFUL
[14:12:54] Waiting for job go325 to finish
[14:12:58] JOB go344 FINISHED
[14:12:58] JOB go344 SUCCESSFUL
[14:13:01] JOB go345 FINISHED
[14:13:01] JOB go345 SUCCESSFUL
[14:13:05] JOB go325 FINISHED
[14:13:05] JOB go325 SUCCESSFUL
[14:13:05] Waiting for job go331 to finish
[14:13:08] JOB go347 FINISHED
[14:13:08] JOB go347 SUCCESSFUL
[14:13:12] JOB go348 FINISHED
[14:13:12] JOB go348 SUCCESSFUL
[14:13:16] JOB go349 FINISHED
[14:13:16] JOB go349 SUCCESSFUL
[14:13:20] JOB go350 FINISHED
[14:13:20] JOB go350 SUCCESSFUL
[14:13:24] JOB go351 FINISHED
[14:13:24] JOB go351 SUCCESSFUL
[14:13:28] JOB go352 FINISHED
[14:13:28] JOB go352 SUCCESSFUL
[14:13:32] JOB go346 FINISHED
[14:13:32] JOB go346 SUCCESSFUL
[14:13:36] JOB go333 FINISHED
[14:13:36] JOB go333 SUCCESSFUL
[14:13:39] JOB go341 FINISHED
[14:13:39] JOB go341 SUCCESSFUL
[14:13:43] JOB go335 FINISHED
[14:13:43] JOB go335 SUCCESSFUL
[14:13:48] JOB go357 FINISHED
[14:13:48] JOB go357 SUCCESSFUL
[14:13:51] JOB go337 FINISHED
[14:13:51] JOB go337 SUCCESSFUL
[14:13:55] JOB go359 FINISHED
[14:13:55] JOB go359 SUCCESSFUL
[14:13:59] JOB go360 FINISHED
[14:13:59] JOB go360 SUCCESSFUL
[14:14:03] JOB go354 FINISHED
[14:14:03] JOB go354 SUCCESSFUL
[14:14:07] JOB go362 FINISHED
[14:14:07] JOB go362 SUCCESSFUL
[14:14:11] JOB go356 FINISHED
[14:14:11] JOB go356 SUCCESSFUL
[14:14:15] JOB go343 FINISHED
[14:14:15] JOB go343 SUCCESSFUL
[14:14:19] JOB go358 FINISHED
[14:14:19] JOB go358 SUCCESSFUL
[14:14:23] JOB go366 FINISHED
[14:14:23] JOB go366 SUCCESSFUL
[14:14:27] JOB go353 FINISHED
[14:14:27] JOB go353 SUCCESSFUL
[14:14:31] JOB go368 FINISHED
[14:14:31] JOB go368 SUCCESSFUL
[14:14:35] JOB go369 FINISHED
[14:14:35] JOB go369 SUCCESSFUL
[14:14:38] JOB go363 FINISHED
[14:14:38] JOB go363 SUCCESSFUL
[14:14:42] JOB go371 FINISHED
[14:14:42] JOB go371 SUCCESSFUL
[14:14:46] JOB go372 FINISHED
[14:14:46] JOB go372 SUCCESSFUL
[14:14:56] JOB go331 FINISHED
[14:14:56] JOB go331 SUCCESSFUL
[14:14:56] Waiting for job go355 to finish
[14:14:59] JOB go374 FINISHED
[14:14:59] JOB go374 SUCCESSFUL
[14:15:03] JOB go375 FINISHED
[14:15:03] JOB go375 SUCCESSFUL
[14:15:07] JOB go376 FINISHED
[14:15:07] JOB go376 SUCCESSFUL
[14:15:10] JOB go377 FINISHED
[14:15:10] JOB go377 SUCCESSFUL
[14:15:14] JOB go364 FINISHED
[14:15:14] JOB go364 SUCCESSFUL
[14:15:18] JOB go379 FINISHED
[14:15:18] JOB go379 SUCCESSFUL
[14:15:21] JOB go373 FINISHED
[14:15:21] JOB go373 SUCCESSFUL
[14:15:25] JOB go367 FINISHED
[14:15:25] JOB go367 SUCCESSFUL
[14:15:29] JOB go361 FINISHED
[14:15:29] JOB go361 SUCCESSFUL
[14:15:33] JOB go384 FINISHED
[14:15:33] JOB go384 SUCCESSFUL
[14:15:36] JOB go370 FINISHED
[14:15:36] JOB go370 SUCCESSFUL
[14:15:41] JOB go385 FINISHED
[14:15:41] JOB go385 SUCCESSFUL
[14:15:45] JOB go386 FINISHED
[14:15:45] JOB go386 SUCCESSFUL
[14:15:48] JOB go387 FINISHED
[14:15:49] JOB go387 SUCCESSFUL
[14:15:53] JOB go388 FINISHED
[14:15:53] JOB go388 SUCCESSFUL
[14:15:57] JOB go389 FINISHED
[14:15:57] JOB go389 SUCCESSFUL
[14:16:00] JOB go355 FINISHED
[14:16:00] JOB go355 SUCCESSFUL
[14:16:01] Waiting for job go365 to finish
[14:16:04] JOB go391 FINISHED
[14:16:04] JOB go391 SUCCESSFUL
[14:16:09] JOB go392 FINISHED
[14:16:09] JOB go392 SUCCESSFUL
[14:16:13] JOB go394 FINISHED
[14:16:13] JOB go394 SUCCESSFUL
[14:16:17] JOB go380 FINISHED
[14:16:17] JOB go380 SUCCESSFUL
[14:16:21] JOB go381 FINISHED
[14:16:21] JOB go381 SUCCESSFUL
[14:16:25] JOB go396 FINISHED
[14:16:25] JOB go396 SUCCESSFUL
[14:16:33] JOB go397 FINISHED
[14:16:33] JOB go397 SUCCESSFUL
[14:16:37] JOB go398 FINISHED
[14:16:37] JOB go398 SUCCESSFUL
[14:16:41] JOB go400 FINISHED
[14:16:41] JOB go400 SUCCESSFUL
[14:16:45] JOB go399 FINISHED
[14:16:45] JOB go399 SUCCESSFUL
[14:16:48] JOB go402 FINISHED
[14:16:48] JOB go402 SUCCESSFUL
[14:16:52] JOB go403 FINISHED
[14:16:52] JOB go403 SUCCESSFUL
[14:16:56] JOB go382 FINISHED
[14:16:56] JOB go382 SUCCESSFUL
[14:17:00] JOB go390 FINISHED
[14:17:00] JOB go390 SUCCESSFUL
[14:17:04] JOB go405 FINISHED
[14:17:04] JOB go405 SUCCESSFUL
[14:17:07] JOB go406 FINISHED
[14:17:07] JOB go406 SUCCESSFUL
[14:17:12] JOB go407 FINISHED
[14:17:12] JOB go407 SUCCESSFUL
[14:17:15] JOB go408 FINISHED
[14:17:15] JOB go408 SUCCESSFUL
[14:17:21] JOB go393 FINISHED
[14:17:21] JOB go393 SUCCESSFUL
[14:17:25] JOB go401 FINISHED
[14:17:25] JOB go401 SUCCESSFUL
[14:17:30] JOB go411 FINISHED
[14:17:30] JOB go411 SUCCESSFUL
[14:17:35] JOB go383 FINISHED
[14:17:35] JOB go383 SUCCESSFUL
[14:17:39] JOB go413 FINISHED
[14:17:39] JOB go413 SUCCESSFUL
[14:17:42] JOB go365 FINISHED
[14:17:42] JOB go365 SUCCESSFUL
[14:17:42] Waiting for job go378 to finish
[14:17:46] JOB go416 FINISHED
[14:17:46] JOB go416 SUCCESSFUL
[14:17:50] JOB go415 FINISHED
[14:17:50] JOB go415 SUCCESSFUL
[14:17:54] JOB go417 FINISHED
[14:17:54] JOB go417 SUCCESSFUL
[14:17:58] JOB go404 FINISHED
[14:17:58] JOB go404 SUCCESSFUL
[14:18:03] JOB go419 FINISHED
[14:18:03] JOB go419 SUCCESSFUL
[14:18:06] JOB go420 FINISHED
[14:18:06] JOB go420 SUCCESSFUL
[14:18:10] JOB go421 FINISHED
[14:18:10] JOB go421 SUCCESSFUL
[14:18:14] JOB go422 FINISHED
[14:18:14] JOB go422 SUCCESSFUL
[14:18:18] JOB go423 FINISHED
[14:18:18] JOB go423 SUCCESSFUL
[14:18:22] JOB go424 FINISHED
[14:18:22] JOB go424 SUCCESSFUL
[14:18:26] JOB go418 FINISHED
[14:18:26] JOB go418 SUCCESSFUL
[14:18:30] JOB go426 FINISHED
[14:18:30] JOB go426 SUCCESSFUL
[14:18:34] JOB go395 FINISHED
[14:18:34] JOB go395 SUCCESSFUL
[14:18:38] JOB go414 FINISHED
[14:18:38] JOB go414 SUCCESSFUL
[14:18:41] JOB go429 FINISHED
[14:18:41] JOB go429 SUCCESSFUL
[14:18:45] JOB go430 FINISHED
[14:18:45] JOB go430 SUCCESSFUL
[14:18:49] JOB go431 FINISHED
[14:18:49] JOB go431 SUCCESSFUL
[14:18:53] JOB go425 FINISHED
[14:18:53] JOB go425 SUCCESSFUL
[14:18:57] JOB go433 FINISHED
[14:18:57] JOB go433 SUCCESSFUL
[14:19:01] JOB go434 FINISHED
[14:19:01] JOB go434 SUCCESSFUL
[14:19:05] JOB go427 FINISHED
[14:19:05] JOB go427 SUCCESSFUL
[14:19:08] JOB go378 FINISHED
[14:19:08] JOB go378 SUCCESSFUL
[14:19:09] Waiting for job go409 to finish
[14:19:12] JOB go409 FINISHED
[14:19:12] JOB go409 SUCCESSFUL
[14:19:12] Waiting for job go410 to finish
[14:19:16] JOB go438 FINISHED
[14:19:16] JOB go438 SUCCESSFUL
[14:19:20] JOB go439 FINISHED
[14:19:20] JOB go439 SUCCESSFUL
[14:19:24] JOB go440 FINISHED
[14:19:24] JOB go440 SUCCESSFUL
[14:19:27] JOB go441 FINISHED
[14:19:27] JOB go441 SUCCESSFUL
[14:19:31] JOB go435 FINISHED
[14:19:31] JOB go435 SUCCESSFUL
[14:19:35] JOB go436 FINISHED
[14:19:35] JOB go436 SUCCESSFUL
[14:19:39] JOB go437 FINISHED
[14:19:39] JOB go437 SUCCESSFUL
[14:19:43] JOB go410 FINISHED
[14:19:43] JOB go410 SUCCESSFUL
[14:19:43] Waiting for job go412 to finish
[14:19:46] JOB go432 FINISHED
[14:19:46] JOB go432 SUCCESSFUL
[14:19:52] JOB go447 FINISHED
[14:19:52] JOB go447 SUCCESSFUL
[14:19:56] JOB go448 FINISHED
[14:19:56] JOB go448 SUCCESSFUL
[14:19:59] JOB go449 FINISHED
[14:20:00] JOB go449 SUCCESSFUL
[14:20:03] JOB go450 FINISHED
[14:20:03] JOB go450 SUCCESSFUL
[14:20:07] JOB go444 FINISHED
[14:20:07] JOB go444 SUCCESSFUL
[14:20:11] JOB go453 FINISHED
[14:20:11] JOB go453 SUCCESSFUL
[14:20:14] JOB go454 FINISHED
[14:20:14] JOB go454 SUCCESSFUL
[14:20:18] JOB go452 FINISHED
[14:20:18] JOB go452 SUCCESSFUL
[14:20:22] JOB go455 FINISHED
[14:20:22] JOB go455 SUCCESSFUL
[14:20:25] JOB go442 FINISHED
[14:20:25] JOB go442 SUCCESSFUL
[14:20:29] JOB go457 FINISHED
[14:20:29] JOB go457 SUCCESSFUL
[14:20:33] JOB go451 FINISHED
[14:20:33] JOB go451 SUCCESSFUL
[14:20:37] JOB go445 FINISHED
[14:20:37] JOB go445 SUCCESSFUL
[14:20:40] JOB go460 FINISHED
[14:20:40] JOB go460 SUCCESSFUL
[14:20:44] JOB go412 FINISHED
[14:20:44] JOB go412 SUCCESSFUL
[14:20:44] Waiting for job go428 to finish
[14:20:48] JOB go428 FINISHED
[14:20:48] JOB go428 SUCCESSFUL
[14:20:48] Waiting for job go443 to finish
[14:20:51] JOB go463 FINISHED
[14:20:51] JOB go463 SUCCESSFUL
[14:20:55] JOB go464 FINISHED
[14:20:55] JOB go464 SUCCESSFUL
[14:20:59] JOB go466 FINISHED
[14:20:59] JOB go466 SUCCESSFUL
[14:21:03] JOB go459 FINISHED
[14:21:03] JOB go459 SUCCESSFUL
[14:21:07] JOB go446 FINISHED
[14:21:07] JOB go446 SUCCESSFUL
[14:21:11] JOB go468 FINISHED
[14:21:11] JOB go468 SUCCESSFUL
[14:21:15] JOB go469 FINISHED
[14:21:15] JOB go469 SUCCESSFUL
[14:21:19] JOB go470 FINISHED
[14:21:19] JOB go470 SUCCESSFUL
[14:21:22] JOB go472 FINISHED
[14:21:22] JOB go472 SUCCESSFUL
[14:21:27] JOB go458 FINISHED
[14:21:27] JOB go458 SUCCESSFUL
[14:21:31] JOB go465 FINISHED
[14:21:31] JOB go465 SUCCESSFUL
[14:21:35] JOB go474 FINISHED
[14:21:35] JOB go474 SUCCESSFUL
[14:21:38] JOB go461 FINISHED
[14:21:39] JOB go461 SUCCESSFUL
[14:21:42] JOB go476 FINISHED
[14:21:42] JOB go476 SUCCESSFUL
[14:21:46] JOB go477 FINISHED
[14:21:46] JOB go477 SUCCESSFUL
[14:21:50] JOB go478 FINISHED
[14:21:50] JOB go478 SUCCESSFUL
[14:21:54] JOB go479 FINISHED
[14:21:54] JOB go479 SUCCESSFUL
[14:21:58] JOB go473 FINISHED
[14:21:58] JOB go473 SUCCESSFUL
[14:22:02] JOB go467 FINISHED
[14:22:02] JOB go467 SUCCESSFUL
[14:22:06] JOB go475 FINISHED
[14:22:06] JOB go475 SUCCESSFUL
[14:22:10] JOB go462 FINISHED
[14:22:10] JOB go462 SUCCESSFUL
[14:22:19] JOB go456 FINISHED
[14:22:19] JOB go456 SUCCESSFUL
[14:22:23] JOB go485 FINISHED
[14:22:23] JOB go485 SUCCESSFUL
[14:22:27] JOB go471 FINISHED
[14:22:27] JOB go471 SUCCESSFUL
[14:22:36] JOB go480 FINISHED
[14:22:36] JOB go480 SUCCESSFUL
[14:22:40] JOB go488 FINISHED
[14:22:40] JOB go488 SUCCESSFUL
[14:22:44] JOB go489 FINISHED
[14:22:44] JOB go489 SUCCESSFUL
[14:22:47] JOB go490 FINISHED
[14:22:47] JOB go490 SUCCESSFUL
[14:22:51] JOB go484 FINISHED
[14:22:51] JOB go484 SUCCESSFUL
[14:22:55] JOB go492 FINISHED
[14:22:55] JOB go492 SUCCESSFUL
[14:22:59] JOB go486 FINISHED
[14:22:59] JOB go486 SUCCESSFUL
[14:23:02] JOB go494 FINISHED
[14:23:03] JOB go494 SUCCESSFUL
[14:23:06] JOB go495 FINISHED
[14:23:06] JOB go495 SUCCESSFUL
[14:23:10] JOB go482 FINISHED
[14:23:10] JOB go482 SUCCESSFUL
[14:23:14] JOB go483 FINISHED
[14:23:14] JOB go483 SUCCESSFUL
[14:23:18] JOB go498 FINISHED
[14:23:18] JOB go498 SUCCESSFUL
[14:23:22] JOB go500 FINISHED
[14:23:22] JOB go500 SUCCESSFUL
[14:23:26] JOB go499 FINISHED
[14:23:26] JOB go499 SUCCESSFUL
[14:23:30] JOB go501 FINISHED
[14:23:30] JOB go501 SUCCESSFUL
[14:23:33] JOB go481 FINISHED
[14:23:34] JOB go481 SUCCESSFUL
[14:23:37] JOB go503 FINISHED
[14:23:37] JOB go503 SUCCESSFUL
[14:23:41] JOB go504 FINISHED
[14:23:41] JOB go504 SUCCESSFUL
[14:23:45] JOB go491 FINISHED
[14:23:45] JOB go491 SUCCESSFUL
[14:23:49] JOB go443 FINISHED
[14:23:49] JOB go443 SUCCESSFUL
[14:23:49] Waiting for job go487 to finish
[14:23:53] JOB go493 FINISHED
[14:23:53] JOB go493 SUCCESSFUL
[14:23:57] JOB go487 FINISHED
[14:23:57] JOB go487 SUCCESSFUL
[14:23:57] Waiting for job go496 to finish
[14:24:00] JOB go509 FINISHED
[14:24:00] JOB go509 SUCCESSFUL
[14:24:04] JOB go496 FINISHED
[14:24:04] JOB go496 SUCCESSFUL
[14:24:04] Waiting for job go497 to finish
[14:24:08] JOB go511 FINISHED
[14:24:08] JOB go511 SUCCESSFUL
[14:24:13] JOB go505 FINISHED
[14:24:13] JOB go505 SUCCESSFUL
[14:24:16] JOB go513 FINISHED
[14:24:16] JOB go513 SUCCESSFUL
[14:24:20] JOB go514 FINISHED
[14:24:20] JOB go514 SUCCESSFUL
[14:24:24] JOB go515 FINISHED
[14:24:24] JOB go515 SUCCESSFUL
[14:24:27] JOB go502 FINISHED
[14:24:27] JOB go502 SUCCESSFUL
[14:24:31] JOB go517 FINISHED
[14:24:31] JOB go517 SUCCESSFUL
[14:24:35] JOB go497 FINISHED
[14:24:35] JOB go497 SUCCESSFUL
[14:24:35] Waiting for job go506 to finish
[14:24:39] JOB go512 FINISHED
[14:24:39] JOB go512 SUCCESSFUL
[14:24:43] JOB go506 FINISHED
[14:24:43] JOB go506 SUCCESSFUL
[14:24:43] Waiting for job go507 to finish
[14:24:46] JOB go507 FINISHED
[14:24:46] JOB go507 SUCCESSFUL
[14:24:46] Waiting for job go508 to finish
[14:24:50] JOB go508 FINISHED
[14:24:50] JOB go508 SUCCESSFUL
[14:24:50] Waiting for job go510 to finish
[14:24:54] JOB go516 FINISHED
[14:24:54] JOB go516 SUCCESSFUL
[14:24:57] JOB go524 FINISHED
[14:24:57] JOB go524 SUCCESSFUL
[14:25:01] JOB go518 FINISHED
[14:25:01] JOB go518 SUCCESSFUL
[14:25:05] JOB go519 FINISHED
[14:25:05] JOB go519 SUCCESSFUL
[14:25:09] JOB go527 FINISHED
[14:25:09] JOB go527 SUCCESSFUL
[14:25:13] JOB go528 FINISHED
[14:25:13] JOB go528 SUCCESSFUL
[14:25:16] JOB go529 FINISHED
[14:25:16] JOB go529 SUCCESSFUL
[14:25:20] JOB go523 FINISHED
[14:25:20] JOB go523 SUCCESSFUL
[14:25:24] JOB go510 FINISHED
[14:25:24] JOB go510 SUCCESSFUL
[14:25:24] Waiting for job go520 to finish
[14:25:33] JOB go532 FINISHED
[14:25:33] JOB go532 SUCCESSFUL
[14:25:36] JOB go526 FINISHED
[14:25:36] JOB go526 SUCCESSFUL
[14:25:40] JOB go520 FINISHED
[14:25:40] JOB go520 SUCCESSFUL
[14:25:40] Waiting for job go521 to finish
[14:25:44] JOB go535 FINISHED
[14:25:44] JOB go535 SUCCESSFUL
[14:25:47] JOB go522 FINISHED
[14:25:47] JOB go522 SUCCESSFUL
[14:25:51] JOB go537 FINISHED
[14:25:51] JOB go537 SUCCESSFUL
[14:25:55] JOB go531 FINISHED
[14:25:55] JOB go531 SUCCESSFUL
[14:25:59] JOB go525 FINISHED
[14:25:59] JOB go525 SUCCESSFUL
[14:26:02] JOB go540 FINISHED
[14:26:02] JOB go540 SUCCESSFUL
[14:26:06] JOB go534 FINISHED
[14:26:06] JOB go534 SUCCESSFUL
[14:26:10] JOB go542 FINISHED
[14:26:10] JOB go542 SUCCESSFUL
[14:26:14] JOB go536 FINISHED
[14:26:14] JOB go536 SUCCESSFUL
[14:26:18] JOB go544 FINISHED
[14:26:18] JOB go544 SUCCESSFUL
[14:26:22] JOB go538 FINISHED
[14:26:23] JOB go538 SUCCESSFUL
[14:26:28] JOB go539 FINISHED
[14:26:28] JOB go539 SUCCESSFUL
[14:26:33] JOB go547 FINISHED
[14:26:33] JOB go547 SUCCESSFUL
[14:26:38] JOB go541 FINISHED
[14:26:38] JOB go541 SUCCESSFUL
[14:26:41] JOB go521 FINISHED
[14:26:41] JOB go521 SUCCESSFUL
[14:26:42] Waiting for job go530 to finish
[14:26:45] JOB go543 FINISHED
[14:26:45] JOB go543 SUCCESSFUL
[14:26:50] JOB go551 FINISHED
[14:26:50] JOB go551 SUCCESSFUL
[14:26:53] JOB go552 FINISHED
[14:26:54] JOB go552 SUCCESSFUL
[14:26:57] JOB go553 FINISHED
[14:26:57] JOB go553 SUCCESSFUL
[14:27:01] JOB go554 FINISHED
[14:27:01] JOB go554 SUCCESSFUL
[14:27:06] JOB go548 FINISHED
[14:27:06] JOB go548 SUCCESSFUL
[14:27:09] JOB go556 FINISHED
[14:27:09] JOB go556 SUCCESSFUL
[14:27:13] JOB go549 FINISHED
[14:27:13] JOB go549 SUCCESSFUL
[14:27:17] JOB go558 FINISHED
[14:27:17] JOB go558 SUCCESSFUL
[14:27:21] JOB go545 FINISHED
[14:27:21] JOB go545 SUCCESSFUL
[14:27:25] JOB go546 FINISHED
[14:27:25] JOB go546 SUCCESSFUL
[14:27:29] JOB go533 FINISHED
[14:27:29] JOB go533 SUCCESSFUL
[14:27:33] JOB go555 FINISHED
[14:27:33] JOB go555 SUCCESSFUL
[14:27:37] JOB go563 FINISHED
[14:27:37] JOB go563 SUCCESSFUL
[14:27:40] JOB go564 FINISHED
[14:27:40] JOB go564 SUCCESSFUL
[14:27:44] JOB go530 FINISHED
[14:27:44] JOB go530 SUCCESSFUL
[14:27:44] Waiting for job go550 to finish
[14:27:48] JOB go566 FINISHED
[14:27:48] JOB go566 SUCCESSFUL
[14:27:52] JOB go560 FINISHED
[14:27:52] JOB go560 SUCCESSFUL
[14:27:56] JOB go561 FINISHED
[14:27:56] JOB go561 SUCCESSFUL
[14:28:01] JOB go569 FINISHED
[14:28:01] JOB go569 SUCCESSFUL
[14:28:04] JOB go570 FINISHED
[14:28:04] JOB go570 SUCCESSFUL
[14:28:08] JOB go571 FINISHED
[14:28:08] JOB go571 SUCCESSFUL
[14:28:11] JOB go565 FINISHED
[14:28:12] JOB go565 SUCCESSFUL
[14:28:16] JOB go559 FINISHED
[14:28:16] JOB go559 SUCCESSFUL
[14:28:19] JOB go567 FINISHED
[14:28:20] JOB go567 SUCCESSFUL
[14:28:23] JOB go568 FINISHED
[14:28:23] JOB go568 SUCCESSFUL
[14:28:27] JOB go562 FINISHED
[14:28:27] JOB go562 SUCCESSFUL
[14:28:31] JOB go550 FINISHED
[14:28:31] JOB go550 SUCCESSFUL
[14:28:31] Waiting for job go557 to finish
[14:28:35] JOB go578 FINISHED
[14:28:35] JOB go578 SUCCESSFUL
[14:28:39] JOB go573 FINISHED
[14:28:39] JOB go573 SUCCESSFUL
[14:28:48] JOB go580 FINISHED
[14:28:48] JOB go580 SUCCESSFUL
[14:28:51] JOB go581 FINISHED
[14:28:51] JOB go581 SUCCESSFUL
[14:28:55] JOB go575 FINISHED
[14:28:55] JOB go575 SUCCESSFUL
[14:28:59] JOB go583 FINISHED
[14:28:59] JOB go583 SUCCESSFUL
[14:29:03] JOB go584 FINISHED
[14:29:03] JOB go584 SUCCESSFUL
[14:29:07] JOB go585 FINISHED
[14:29:07] JOB go585 SUCCESSFUL
[14:29:11] JOB go586 FINISHED
[14:29:11] JOB go586 SUCCESSFUL
[14:29:14] JOB go572 FINISHED
[14:29:14] JOB go572 SUCCESSFUL
[14:29:17] JOB go574 FINISHED
[14:29:17] JOB go574 SUCCESSFUL
[14:29:21] JOB go589 FINISHED
[14:29:21] JOB go589 SUCCESSFUL
[14:29:25] JOB go576 FINISHED
[14:29:25] JOB go576 SUCCESSFUL
[14:29:30] JOB go591 FINISHED
[14:29:30] JOB go591 SUCCESSFUL
[14:29:34] JOB go557 FINISHED
[14:29:34] JOB go557 SUCCESSFUL
[14:29:35] Waiting for job go577 to finish
[14:29:43] JOB go595 FINISHED
[14:29:43] JOB go595 SUCCESSFUL
[14:29:46] JOB go596 FINISHED
[14:29:46] JOB go596 SUCCESSFUL
[14:29:50] JOB go579 FINISHED
[14:29:50] JOB go579 SUCCESSFUL
[14:29:54] JOB go582 FINISHED
[14:29:54] JOB go582 SUCCESSFUL
[14:29:58] JOB go597 FINISHED
[14:29:58] JOB go597 SUCCESSFUL
[14:30:01] JOB go598 FINISHED
[14:30:01] JOB go598 SUCCESSFUL
[14:30:05] JOB go592 FINISHED
[14:30:05] JOB go592 SUCCESSFUL
[14:30:09] JOB go593 FINISHED
[14:30:09] JOB go593 SUCCESSFUL
[14:30:13] JOB go594 FINISHED
[14:30:13] JOB go594 SUCCESSFUL
[14:30:17] JOB go588 FINISHED
[14:30:17] JOB go588 SUCCESSFUL
[14:30:21] JOB go603 FINISHED
[14:30:21] JOB go603 SUCCESSFUL
[14:30:24] JOB go604 FINISHED
[14:30:24] JOB go604 SUCCESSFUL
[14:30:33] JOB go605 FINISHED
[14:30:33] JOB go605 SUCCESSFUL
[14:30:37] JOB go599 FINISHED
[14:30:37] JOB go599 SUCCESSFUL
[14:30:41] JOB go607 FINISHED
[14:30:41] JOB go607 SUCCESSFUL
[14:30:45] JOB go608 FINISHED
[14:30:45] JOB go608 SUCCESSFUL
[14:30:49] JOB go602 FINISHED
[14:30:49] JOB go602 SUCCESSFUL
[14:30:54] JOB go610 FINISHED
[14:30:54] JOB go610 SUCCESSFUL
[14:30:57] JOB go590 FINISHED
[14:30:57] JOB go590 SUCCESSFUL
[14:31:01] JOB go600 FINISHED
[14:31:01] JOB go600 SUCCESSFUL
[14:31:05] JOB go606 FINISHED
[14:31:05] JOB go606 SUCCESSFUL
[14:31:08] JOB go587 FINISHED
[14:31:08] JOB go587 SUCCESSFUL
[14:31:12] JOB go615 FINISHED
[14:31:13] JOB go615 SUCCESSFUL
[14:31:17] JOB go616 FINISHED
[14:31:17] JOB go616 SUCCESSFUL
[14:31:21] JOB go617 FINISHED
[14:31:21] JOB go617 SUCCESSFUL
[14:31:25] JOB go618 FINISHED
[14:31:25] JOB go618 SUCCESSFUL
[14:31:28] JOB go612 FINISHED
[14:31:28] JOB go612 SUCCESSFUL
[14:31:32] JOB go620 FINISHED
[14:31:32] JOB go620 SUCCESSFUL
[14:31:36] JOB go621 FINISHED
[14:31:36] JOB go621 SUCCESSFUL
[14:31:40] JOB go622 FINISHED
[14:31:40] JOB go622 SUCCESSFUL
[14:31:44] JOB go623 FINISHED
[14:31:44] JOB go623 SUCCESSFUL
[14:31:48] JOB go577 FINISHED
[14:31:48] JOB go577 SUCCESSFUL
[14:31:48] Waiting for job go601 to finish
[14:31:52] JOB go611 FINISHED
[14:31:52] JOB go611 SUCCESSFUL
[14:31:56] JOB go626 FINISHED
[14:31:56] JOB go626 SUCCESSFUL
[14:31:59] JOB go627 FINISHED
[14:31:59] JOB go627 SUCCESSFUL
[14:32:03] JOB go614 FINISHED
[14:32:03] JOB go614 SUCCESSFUL
[14:32:07] JOB go629 FINISHED
[14:32:07] JOB go629 SUCCESSFUL
[14:32:10] JOB go630 FINISHED
[14:32:10] JOB go630 SUCCESSFUL
[14:32:14] JOB go624 FINISHED
[14:32:14] JOB go624 SUCCESSFUL
[14:32:18] JOB go625 FINISHED
[14:32:18] JOB go625 SUCCESSFUL
[14:32:23] JOB go619 FINISHED
[14:32:23] JOB go619 SUCCESSFUL
[14:32:26] JOB go634 FINISHED
[14:32:26] JOB go634 SUCCESSFUL
[14:32:30] JOB go628 FINISHED
[14:32:30] JOB go628 SUCCESSFUL
[14:32:34] JOB go636 FINISHED
[14:32:34] JOB go636 SUCCESSFUL
[14:32:38] JOB go609 FINISHED
[14:32:38] JOB go609 SUCCESSFUL
[14:32:42] JOB go638 FINISHED
[14:32:42] JOB go638 SUCCESSFUL
[14:32:45] JOB go632 FINISHED
[14:32:45] JOB go632 SUCCESSFUL
[14:32:49] JOB go635 FINISHED
[14:32:49] JOB go635 SUCCESSFUL
[14:32:53] JOB go613 FINISHED
[14:32:53] JOB go613 SUCCESSFUL
[14:32:57] JOB go633 FINISHED
[14:32:57] JOB go633 SUCCESSFUL
[14:33:01] JOB go601 FINISHED
[14:33:01] JOB go601 SUCCESSFUL
[14:33:02] Waiting for job go631 to finish
[14:33:05] JOB go644 FINISHED
[14:33:05] JOB go644 SUCCESSFUL
[14:33:13] JOB go645 FINISHED
[14:33:13] JOB go645 SUCCESSFUL
[14:33:17] JOB go646 FINISHED
[14:33:17] JOB go646 SUCCESSFUL
[14:33:21] JOB go647 FINISHED
[14:33:21] JOB go647 SUCCESSFUL
[14:33:24] JOB go641 FINISHED
[14:33:24] JOB go641 SUCCESSFUL
[14:33:28] JOB go640 FINISHED
[14:33:28] JOB go640 SUCCESSFUL
[14:33:32] JOB go650 FINISHED
[14:33:32] JOB go650 SUCCESSFUL
[14:33:36] JOB go651 FINISHED
[14:33:36] JOB go651 SUCCESSFUL
[14:33:39] JOB go631 FINISHED
[14:33:39] JOB go631 SUCCESSFUL
[14:33:40] Waiting for job go637 to finish
[14:33:44] JOB go639 FINISHED
[14:33:44] JOB go639 SUCCESSFUL
[14:33:47] JOB go654 FINISHED
[14:33:48] JOB go654 SUCCESSFUL
[14:33:51] JOB go648 FINISHED
[14:33:51] JOB go648 SUCCESSFUL
[14:33:55] JOB go649 FINISHED
[14:33:55] JOB go649 SUCCESSFUL
[14:33:59] JOB go643 FINISHED
[14:33:59] JOB go643 SUCCESSFUL
[14:34:02] JOB go658 FINISHED
[14:34:02] JOB go658 SUCCESSFUL
[14:34:06] JOB go659 FINISHED
[14:34:06] JOB go659 SUCCESSFUL
[14:34:10] JOB go660 FINISHED
[14:34:10] JOB go660 SUCCESSFUL
[14:34:14] JOB go642 FINISHED
[14:34:14] JOB go642 SUCCESSFUL
[14:34:18] JOB go662 FINISHED
[14:34:18] JOB go662 SUCCESSFUL
[14:34:22] JOB go656 FINISHED
[14:34:22] JOB go656 SUCCESSFUL
[14:34:25] JOB go657 FINISHED
[14:34:25] JOB go657 SUCCESSFUL
[14:34:29] JOB go665 FINISHED
[14:34:29] JOB go665 SUCCESSFUL
[14:34:33] JOB go652 FINISHED
[14:34:33] JOB go652 SUCCESSFUL
[14:34:36] JOB go653 FINISHED
[14:34:36] JOB go653 SUCCESSFUL
[14:34:40] JOB go668 FINISHED
[14:34:40] JOB go668 SUCCESSFUL
[14:34:44] JOB go669 FINISHED
[14:34:44] JOB go669 SUCCESSFUL
[14:34:48] JOB go670 FINISHED
[14:34:48] JOB go670 SUCCESSFUL
[14:34:51] JOB go671 FINISHED
[14:34:51] JOB go671 SUCCESSFUL
[14:34:55] JOB go663 FINISHED
[14:34:55] JOB go663 SUCCESSFUL
[14:34:59] JOB go673 FINISHED
[14:34:59] JOB go673 SUCCESSFUL
[14:35:03] JOB go675 FINISHED
[14:35:03] JOB go675 SUCCESSFUL
[14:35:06] JOB go661 FINISHED
[14:35:06] JOB go661 SUCCESSFUL
[14:35:10] JOB go655 FINISHED
[14:35:10] JOB go655 SUCCESSFUL
[14:35:13] JOB go677 FINISHED
[14:35:14] JOB go677 SUCCESSFUL
[14:35:17] JOB go678 FINISHED
[14:35:17] JOB go678 SUCCESSFUL
[14:35:22] JOB go672 FINISHED
[14:35:22] JOB go672 SUCCESSFUL
[14:35:26] JOB go666 FINISHED
[14:35:26] JOB go666 SUCCESSFUL
[14:35:29] JOB go681 FINISHED
[14:35:29] JOB go681 SUCCESSFUL
[14:35:33] JOB go682 FINISHED
[14:35:33] JOB go682 SUCCESSFUL
[14:35:37] JOB go683 FINISHED
[14:35:37] JOB go683 SUCCESSFUL
[14:35:42] JOB go684 FINISHED
[14:35:42] JOB go684 SUCCESSFUL
[14:35:46] JOB go685 FINISHED
[14:35:46] JOB go685 SUCCESSFUL
[14:35:50] JOB go679 FINISHED
[14:35:50] JOB go679 SUCCESSFUL
[14:35:55] JOB go687 FINISHED
[14:35:55] JOB go687 SUCCESSFUL
[14:35:59] JOB go688 FINISHED
[14:35:59] JOB go688 SUCCESSFUL
[14:36:03] JOB go689 FINISHED
[14:36:03] JOB go689 SUCCESSFUL
[14:36:07] JOB go690 FINISHED
[14:36:07] JOB go690 SUCCESSFUL
[14:36:11] JOB go691 FINISHED
[14:36:11] JOB go691 SUCCESSFUL
[14:36:16] JOB go664 FINISHED
[14:36:16] JOB go664 SUCCESSFUL
[14:36:19] JOB go693 FINISHED
[14:36:19] JOB go693 SUCCESSFUL
[14:36:28] JOB go680 FINISHED
[14:36:28] JOB go680 SUCCESSFUL
[14:36:31] JOB go667 FINISHED
[14:36:31] JOB go667 SUCCESSFUL
[14:36:35] JOB go674 FINISHED
[14:36:35] JOB go674 SUCCESSFUL
[14:36:40] JOB go676 FINISHED
[14:36:40] JOB go676 SUCCESSFUL
[14:36:44] JOB go637 FINISHED
[14:36:44] JOB go637 SUCCESSFUL
[14:36:44] Waiting for job go686 to finish
[14:36:47] JOB go692 FINISHED
[14:36:47] JOB go692 SUCCESSFUL
[14:36:51] JOB go686 FINISHED
[14:36:51] JOB go686 SUCCESSFUL
[14:36:52] Waiting for job go694 to finish
[14:36:55] JOB go694 FINISHED
[14:36:55] JOB go694 SUCCESSFUL
[14:36:55] Waiting for job go695 to finish
[14:36:59] JOB go695 FINISHED
[14:36:59] JOB go695 SUCCESSFUL
[14:36:59] Waiting for job go696 to finish
[14:37:03] JOB go703 FINISHED
[14:37:04] JOB go703 SUCCESSFUL
[14:37:08] JOB go704 FINISHED
[14:37:08] JOB go704 SUCCESSFUL
[14:37:11] JOB go705 FINISHED
[14:37:11] JOB go705 SUCCESSFUL
[14:37:16] JOB go706 FINISHED
[14:37:16] JOB go706 SUCCESSFUL
[14:37:19] JOB go702 FINISHED
[14:37:19] JOB go702 SUCCESSFUL
[14:37:23] JOB go701 FINISHED
[14:37:23] JOB go701 SUCCESSFUL
[14:37:27] JOB go700 FINISHED
[14:37:27] JOB go700 SUCCESSFUL
[14:37:31] JOB go696 FINISHED
[14:37:31] JOB go696 SUCCESSFUL
[14:37:31] Waiting for job go697 to finish
[14:37:34] JOB go697 FINISHED
[14:37:34] JOB go697 SUCCESSFUL
[14:37:34] Waiting for job go698 to finish
[14:37:38] JOB go712 FINISHED
[14:37:38] JOB go712 SUCCESSFUL
[14:37:42] JOB go713 FINISHED
[14:37:42] JOB go713 SUCCESSFUL
[14:37:45] JOB go714 FINISHED
[14:37:46] JOB go714 SUCCESSFUL
[14:37:54] JOB go715 FINISHED
[14:37:55] JOB go715 SUCCESSFUL
[14:37:58] JOB go709 FINISHED
[14:37:58] JOB go709 SUCCESSFUL
[14:38:02] JOB go710 FINISHED
[14:38:02] JOB go710 SUCCESSFUL
[14:38:06] JOB go718 FINISHED
[14:38:06] JOB go718 SUCCESSFUL
[14:38:09] JOB go719 FINISHED
[14:38:09] JOB go719 SUCCESSFUL
[14:38:14] JOB go699 FINISHED
[14:38:14] JOB go699 SUCCESSFUL
[14:38:17] JOB go707 FINISHED
[14:38:17] JOB go707 SUCCESSFUL
[14:38:21] JOB go708 FINISHED
[14:38:21] JOB go708 SUCCESSFUL
[14:38:24] JOB go716 FINISHED
[14:38:24] JOB go716 SUCCESSFUL
[14:38:29] JOB go726 FINISHED
[14:38:29] JOB go726 SUCCESSFUL
[14:38:33] JOB go727 FINISHED
[14:38:33] JOB go727 SUCCESSFUL
[14:38:36] JOB go723 FINISHED
[14:38:36] JOB go723 SUCCESSFUL
[14:38:40] JOB go728 FINISHED
[14:38:40] JOB go728 SUCCESSFUL
[14:38:44] JOB go698 FINISHED
[14:38:44] JOB go698 SUCCESSFUL
[14:38:44] Waiting for job go711 to finish
[14:38:47] JOB go721 FINISHED
[14:38:47] JOB go721 SUCCESSFUL
[14:38:51] JOB go720 FINISHED
[14:38:51] JOB go720 SUCCESSFUL
[14:38:54] JOB go711 FINISHED
[14:38:54] JOB go711 SUCCESSFUL
[14:38:54] Waiting for job go717 to finish
[14:38:58] JOB go725 FINISHED
[14:38:58] JOB go725 SUCCESSFUL
[14:39:01] JOB go722 FINISHED
[14:39:01] JOB go722 SUCCESSFUL
[14:39:05] JOB go724 FINISHED
[14:39:05] JOB go724 SUCCESSFUL
[14:39:09] JOB go717 FINISHED
[14:39:09] JOB go717 SUCCESSFUL
[14:39:09] PLAMS run finished. Goodbye
Number of conformers after Marks filtering 13
           Conformer            #Rotamers
                   0                    0
                   1                    0
                   2                    0
                   3                    0
                   4                    0
                   5                    0
                   6                    0
                   7                    0
                   8                    0
                   9                    0
                  10                    0
                  11                    0
                  12                    0
